This is pdfTeX, Version 3.14159265-2.6-1.40.18 (TeX Live 2017/Debian) (preloaded format=pdflatex 2020.5.5)  17 MAY 2020 15:02
entering extended mode
 restricted \write18 enabled.
 %&-line parsing enabled.
**r.tex
(./r.tex
LaTeX2e <2017-04-15>
Babel <3.18> and hyphenation patterns for 84 language(s) loaded.
(/usr/share/texlive/texmf-dist/tex/latex/base/article.cls
Document Class: article 2014/09/29 v1.4h Standard LaTeX document class
(/usr/share/texlive/texmf-dist/tex/latex/base/size10.clo
File: size10.clo 2014/09/29 v1.4h Standard LaTeX file (size option)
)
\c@part=\count79
\c@section=\count80
\c@subsection=\count81
\c@subsubsection=\count82
\c@paragraph=\count83
\c@subparagraph=\count84
\c@figure=\count85
\c@table=\count86
\abovecaptionskip=\skip41
\belowcaptionskip=\skip42
\bibindent=\dimen102
)
(/usr/share/texlive/texmf-dist/tex/latex/base/inputenc.sty
Package: inputenc 2015/03/17 v1.2c Input encoding file
\inpenc@prehook=\toks14
\inpenc@posthook=\toks15

(/usr/share/texlive/texmf-dist/tex/latex/base/utf8.def
File: utf8.def 2017/01/28 v1.1t UTF-8 support for inputenc
Now handling font encoding OML ...
... no UTF-8 mapping file for font encoding OML
Now handling font encoding T1 ...
... processing UTF-8 mapping file for font encoding T1

(/usr/share/texlive/texmf-dist/tex/latex/base/t1enc.dfu
File: t1enc.dfu 2017/01/28 v1.1t UTF-8 support for inputenc
   defining Unicode char U+00A0 (decimal 160)
   defining Unicode char U+00A1 (decimal 161)
   defining Unicode char U+00A3 (decimal 163)
   defining Unicode char U+00AB (decimal 171)
   defining Unicode char U+00AD (decimal 173)
   defining Unicode char U+00BB (decimal 187)
   defining Unicode char U+00BF (decimal 191)
   defining Unicode char U+00C0 (decimal 192)
   defining Unicode char U+00C1 (decimal 193)
   defining Unicode char U+00C2 (decimal 194)
   defining Unicode char U+00C3 (decimal 195)
   defining Unicode char U+00C4 (decimal 196)
   defining Unicode char U+00C5 (decimal 197)
   defining Unicode char U+00C6 (decimal 198)
   defining Unicode char U+00C7 (decimal 199)
   defining Unicode char U+00C8 (decimal 200)
   defining Unicode char U+00C9 (decimal 201)
   defining Unicode char U+00CA (decimal 202)
   defining Unicode char U+00CB (decimal 203)
   defining Unicode char U+00CC (decimal 204)
   defining Unicode char U+00CD (decimal 205)
   defining Unicode char U+00CE (decimal 206)
   defining Unicode char U+00CF (decimal 207)
   defining Unicode char U+00D0 (decimal 208)
   defining Unicode char U+00D1 (decimal 209)
   defining Unicode char U+00D2 (decimal 210)
   defining Unicode char U+00D3 (decimal 211)
   defining Unicode char U+00D4 (decimal 212)
   defining Unicode char U+00D5 (decimal 213)
   defining Unicode char U+00D6 (decimal 214)
   defining Unicode char U+00D8 (decimal 216)
   defining Unicode char U+00D9 (decimal 217)
   defining Unicode char U+00DA (decimal 218)
   defining Unicode char U+00DB (decimal 219)
   defining Unicode char U+00DC (decimal 220)
   defining Unicode char U+00DD (decimal 221)
   defining Unicode char U+00DE (decimal 222)
   defining Unicode char U+00DF (decimal 223)
   defining Unicode char U+00E0 (decimal 224)
   defining Unicode char U+00E1 (decimal 225)
   defining Unicode char U+00E2 (decimal 226)
   defining Unicode char U+00E3 (decimal 227)
   defining Unicode char U+00E4 (decimal 228)
   defining Unicode char U+00E5 (decimal 229)
   defining Unicode char U+00E6 (decimal 230)
   defining Unicode char U+00E7 (decimal 231)
   defining Unicode char U+00E8 (decimal 232)
   defining Unicode char U+00E9 (decimal 233)
   defining Unicode char U+00EA (decimal 234)
   defining Unicode char U+00EB (decimal 235)
   defining Unicode char U+00EC (decimal 236)
   defining Unicode char U+00ED (decimal 237)
   defining Unicode char U+00EE (decimal 238)
   defining Unicode char U+00EF (decimal 239)
   defining Unicode char U+00F0 (decimal 240)
   defining Unicode char U+00F1 (decimal 241)
   defining Unicode char U+00F2 (decimal 242)
   defining Unicode char U+00F3 (decimal 243)
   defining Unicode char U+00F4 (decimal 244)
   defining Unicode char U+00F5 (decimal 245)
   defining Unicode char U+00F6 (decimal 246)
   defining Unicode char U+00F8 (decimal 248)
   defining Unicode char U+00F9 (decimal 249)
   defining Unicode char U+00FA (decimal 250)
   defining Unicode char U+00FB (decimal 251)
   defining Unicode char U+00FC (decimal 252)
   defining Unicode char U+00FD (decimal 253)
   defining Unicode char U+00FE (decimal 254)
   defining Unicode char U+00FF (decimal 255)
   defining Unicode char U+0100 (decimal 256)
   defining Unicode char U+0101 (decimal 257)
   defining Unicode char U+0102 (decimal 258)
   defining Unicode char U+0103 (decimal 259)
   defining Unicode char U+0104 (decimal 260)
   defining Unicode char U+0105 (decimal 261)
   defining Unicode char U+0106 (decimal 262)
   defining Unicode char U+0107 (decimal 263)
   defining Unicode char U+0108 (decimal 264)
   defining Unicode char U+0109 (decimal 265)
   defining Unicode char U+010A (decimal 266)
   defining Unicode char U+010B (decimal 267)
   defining Unicode char U+010C (decimal 268)
   defining Unicode char U+010D (decimal 269)
   defining Unicode char U+010E (decimal 270)
   defining Unicode char U+010F (decimal 271)
   defining Unicode char U+0110 (decimal 272)
   defining Unicode char U+0111 (decimal 273)
   defining Unicode char U+0112 (decimal 274)
   defining Unicode char U+0113 (decimal 275)
   defining Unicode char U+0114 (decimal 276)
   defining Unicode char U+0115 (decimal 277)
   defining Unicode char U+0116 (decimal 278)
   defining Unicode char U+0117 (decimal 279)
   defining Unicode char U+0118 (decimal 280)
   defining Unicode char U+0119 (decimal 281)
   defining Unicode char U+011A (decimal 282)
   defining Unicode char U+011B (decimal 283)
   defining Unicode char U+011C (decimal 284)
   defining Unicode char U+011D (decimal 285)
   defining Unicode char U+011E (decimal 286)
   defining Unicode char U+011F (decimal 287)
   defining Unicode char U+0120 (decimal 288)
   defining Unicode char U+0121 (decimal 289)
   defining Unicode char U+0122 (decimal 290)
   defining Unicode char U+0123 (decimal 291)
   defining Unicode char U+0124 (decimal 292)
   defining Unicode char U+0125 (decimal 293)
   defining Unicode char U+0128 (decimal 296)
   defining Unicode char U+0129 (decimal 297)
   defining Unicode char U+012A (decimal 298)
   defining Unicode char U+012B (decimal 299)
   defining Unicode char U+012C (decimal 300)
   defining Unicode char U+012D (decimal 301)
   defining Unicode char U+012E (decimal 302)
   defining Unicode char U+012F (decimal 303)
   defining Unicode char U+0130 (decimal 304)
   defining Unicode char U+0131 (decimal 305)
   defining Unicode char U+0132 (decimal 306)
   defining Unicode char U+0133 (decimal 307)
   defining Unicode char U+0134 (decimal 308)
   defining Unicode char U+0135 (decimal 309)
   defining Unicode char U+0136 (decimal 310)
   defining Unicode char U+0137 (decimal 311)
   defining Unicode char U+0139 (decimal 313)
   defining Unicode char U+013A (decimal 314)
   defining Unicode char U+013B (decimal 315)
   defining Unicode char U+013C (decimal 316)
   defining Unicode char U+013D (decimal 317)
   defining Unicode char U+013E (decimal 318)
   defining Unicode char U+0141 (decimal 321)
   defining Unicode char U+0142 (decimal 322)
   defining Unicode char U+0143 (decimal 323)
   defining Unicode char U+0144 (decimal 324)
   defining Unicode char U+0145 (decimal 325)
   defining Unicode char U+0146 (decimal 326)
   defining Unicode char U+0147 (decimal 327)
   defining Unicode char U+0148 (decimal 328)
   defining Unicode char U+014A (decimal 330)
   defining Unicode char U+014B (decimal 331)
   defining Unicode char U+014C (decimal 332)
   defining Unicode char U+014D (decimal 333)
   defining Unicode char U+014E (decimal 334)
   defining Unicode char U+014F (decimal 335)
   defining Unicode char U+0150 (decimal 336)
   defining Unicode char U+0151 (decimal 337)
   defining Unicode char U+0152 (decimal 338)
   defining Unicode char U+0153 (decimal 339)
   defining Unicode char U+0154 (decimal 340)
   defining Unicode char U+0155 (decimal 341)
   defining Unicode char U+0156 (decimal 342)
   defining Unicode char U+0157 (decimal 343)
   defining Unicode char U+0158 (decimal 344)
   defining Unicode char U+0159 (decimal 345)
   defining Unicode char U+015A (decimal 346)
   defining Unicode char U+015B (decimal 347)
   defining Unicode char U+015C (decimal 348)
   defining Unicode char U+015D (decimal 349)
   defining Unicode char U+015E (decimal 350)
   defining Unicode char U+015F (decimal 351)
   defining Unicode char U+0160 (decimal 352)
   defining Unicode char U+0161 (decimal 353)
   defining Unicode char U+0162 (decimal 354)
   defining Unicode char U+0163 (decimal 355)
   defining Unicode char U+0164 (decimal 356)
   defining Unicode char U+0165 (decimal 357)
   defining Unicode char U+0168 (decimal 360)
   defining Unicode char U+0169 (decimal 361)
   defining Unicode char U+016A (decimal 362)
   defining Unicode char U+016B (decimal 363)
   defining Unicode char U+016C (decimal 364)
   defining Unicode char U+016D (decimal 365)
   defining Unicode char U+016E (decimal 366)
   defining Unicode char U+016F (decimal 367)
   defining Unicode char U+0170 (decimal 368)
   defining Unicode char U+0171 (decimal 369)
   defining Unicode char U+0172 (decimal 370)
   defining Unicode char U+0173 (decimal 371)
   defining Unicode char U+0174 (decimal 372)
   defining Unicode char U+0175 (decimal 373)
   defining Unicode char U+0176 (decimal 374)
   defining Unicode char U+0177 (decimal 375)
   defining Unicode char U+0178 (decimal 376)
   defining Unicode char U+0179 (decimal 377)
   defining Unicode char U+017A (decimal 378)
   defining Unicode char U+017B (decimal 379)
   defining Unicode char U+017C (decimal 380)
   defining Unicode char U+017D (decimal 381)
   defining Unicode char U+017E (decimal 382)
   defining Unicode char U+01CD (decimal 461)
   defining Unicode char U+01CE (decimal 462)
   defining Unicode char U+01CF (decimal 463)
   defining Unicode char U+01D0 (decimal 464)
   defining Unicode char U+01D1 (decimal 465)
   defining Unicode char U+01D2 (decimal 466)
   defining Unicode char U+01D3 (decimal 467)
   defining Unicode char U+01D4 (decimal 468)
   defining Unicode char U+01E2 (decimal 482)
   defining Unicode char U+01E3 (decimal 483)
   defining Unicode char U+01E6 (decimal 486)
   defining Unicode char U+01E7 (decimal 487)
   defining Unicode char U+01E8 (decimal 488)
   defining Unicode char U+01E9 (decimal 489)
   defining Unicode char U+01EA (decimal 490)
   defining Unicode char U+01EB (decimal 491)
   defining Unicode char U+01F0 (decimal 496)
   defining Unicode char U+01F4 (decimal 500)
   defining Unicode char U+01F5 (decimal 501)
   defining Unicode char U+0218 (decimal 536)
   defining Unicode char U+0219 (decimal 537)
   defining Unicode char U+021A (decimal 538)
   defining Unicode char U+021B (decimal 539)
   defining Unicode char U+0232 (decimal 562)
   defining Unicode char U+0233 (decimal 563)
   defining Unicode char U+1E02 (decimal 7682)
   defining Unicode char U+1E03 (decimal 7683)
   defining Unicode char U+200C (decimal 8204)
   defining Unicode char U+2010 (decimal 8208)
   defining Unicode char U+2011 (decimal 8209)
   defining Unicode char U+2012 (decimal 8210)
   defining Unicode char U+2013 (decimal 8211)
   defining Unicode char U+2014 (decimal 8212)
   defining Unicode char U+2015 (decimal 8213)
   defining Unicode char U+2018 (decimal 8216)
   defining Unicode char U+2019 (decimal 8217)
   defining Unicode char U+201A (decimal 8218)
   defining Unicode char U+201C (decimal 8220)
   defining Unicode char U+201D (decimal 8221)
   defining Unicode char U+201E (decimal 8222)
   defining Unicode char U+2030 (decimal 8240)
   defining Unicode char U+2031 (decimal 8241)
   defining Unicode char U+2039 (decimal 8249)
   defining Unicode char U+203A (decimal 8250)
   defining Unicode char U+2423 (decimal 9251)
   defining Unicode char U+1E20 (decimal 7712)
   defining Unicode char U+1E21 (decimal 7713)
)
Now handling font encoding OT1 ...
... processing UTF-8 mapping file for font encoding OT1

(/usr/share/texlive/texmf-dist/tex/latex/base/ot1enc.dfu
File: ot1enc.dfu 2017/01/28 v1.1t UTF-8 support for inputenc
   defining Unicode char U+00A0 (decimal 160)
   defining Unicode char U+00A1 (decimal 161)
   defining Unicode char U+00A3 (decimal 163)
   defining Unicode char U+00AD (decimal 173)
   defining Unicode char U+00B8 (decimal 184)
   defining Unicode char U+00BF (decimal 191)
   defining Unicode char U+00C5 (decimal 197)
   defining Unicode char U+00C6 (decimal 198)
   defining Unicode char U+00D8 (decimal 216)
   defining Unicode char U+00DF (decimal 223)
   defining Unicode char U+00E6 (decimal 230)
   defining Unicode char U+00EC (decimal 236)
   defining Unicode char U+00ED (decimal 237)
   defining Unicode char U+00EE (decimal 238)
   defining Unicode char U+00EF (decimal 239)
   defining Unicode char U+00F8 (decimal 248)
   defining Unicode char U+0131 (decimal 305)
   defining Unicode char U+0141 (decimal 321)
   defining Unicode char U+0142 (decimal 322)
   defining Unicode char U+0152 (decimal 338)
   defining Unicode char U+0153 (decimal 339)
   defining Unicode char U+0174 (decimal 372)
   defining Unicode char U+0175 (decimal 373)
   defining Unicode char U+0176 (decimal 374)
   defining Unicode char U+0177 (decimal 375)
   defining Unicode char U+0218 (decimal 536)
   defining Unicode char U+0219 (decimal 537)
   defining Unicode char U+021A (decimal 538)
   defining Unicode char U+021B (decimal 539)
   defining Unicode char U+2013 (decimal 8211)
   defining Unicode char U+2014 (decimal 8212)
   defining Unicode char U+2018 (decimal 8216)
   defining Unicode char U+2019 (decimal 8217)
   defining Unicode char U+201C (decimal 8220)
   defining Unicode char U+201D (decimal 8221)
)
Now handling font encoding OMS ...
... processing UTF-8 mapping file for font encoding OMS

(/usr/share/texlive/texmf-dist/tex/latex/base/omsenc.dfu
File: omsenc.dfu 2017/01/28 v1.1t UTF-8 support for inputenc
   defining Unicode char U+00A7 (decimal 167)
   defining Unicode char U+00B6 (decimal 182)
   defining Unicode char U+00B7 (decimal 183)
   defining Unicode char U+2020 (decimal 8224)
   defining Unicode char U+2021 (decimal 8225)
   defining Unicode char U+2022 (decimal 8226)
)
Now handling font encoding OMX ...
... no UTF-8 mapping file for font encoding OMX
Now handling font encoding U ...
... no UTF-8 mapping file for font encoding U
   defining Unicode char U+00A9 (decimal 169)
   defining Unicode char U+00AA (decimal 170)
   defining Unicode char U+00AE (decimal 174)
   defining Unicode char U+00BA (decimal 186)
   defining Unicode char U+02C6 (decimal 710)
   defining Unicode char U+02DC (decimal 732)
   defining Unicode char U+200C (decimal 8204)
   defining Unicode char U+2026 (decimal 8230)
   defining Unicode char U+2122 (decimal 8482)
   defining Unicode char U+2423 (decimal 9251)
))
(/usr/share/texlive/texmf-dist/tex/latex/subfiles/subfiles.sty
Package: subfiles 2012/05/23 Federico Garcia

(/usr/share/texlive/texmf-dist/tex/latex/tools/verbatim.sty
Package: verbatim 2014/10/28 v1.5q LaTeX2e package for verbatim enhancements
\every@verbatim=\toks16
\verbatim@line=\toks17
\verbatim@in@stream=\read1
))
(/usr/share/texlive/texmf-dist/tex/latex/hyperref/hyperref.sty
Package: hyperref 2018/02/06 v6.86b Hypertext links for LaTeX

(/usr/share/texlive/texmf-dist/tex/generic/oberdiek/hobsub-hyperref.sty
Package: hobsub-hyperref 2016/05/16 v1.14 Bundle oberdiek, subset hyperref (HO)


(/usr/share/texlive/texmf-dist/tex/generic/oberdiek/hobsub-generic.sty
Package: hobsub-generic 2016/05/16 v1.14 Bundle oberdiek, subset generic (HO)
Package: hobsub 2016/05/16 v1.14 Construct package bundles (HO)
Package: infwarerr 2016/05/16 v1.4 Providing info/warning/error messages (HO)
Package: ltxcmds 2016/05/16 v1.23 LaTeX kernel commands for general use (HO)
Package: ifluatex 2016/05/16 v1.4 Provides the ifluatex switch (HO)
Package ifluatex Info: LuaTeX not detected.
Package: ifvtex 2016/05/16 v1.6 Detect VTeX and its facilities (HO)
Package ifvtex Info: VTeX not detected.
Package: intcalc 2016/05/16 v1.2 Expandable calculations with integers (HO)
Package: ifpdf 2017/03/15 v3.2 Provides the ifpdf switch
Package: etexcmds 2016/05/16 v1.6 Avoid name clashes with e-TeX commands (HO)
Package etexcmds Info: Could not find \expanded.
(etexcmds)             That can mean that you are not using pdfTeX 1.50 or
(etexcmds)             that some package has redefined \expanded.
(etexcmds)             In the latter case, load this package earlier.
Package: kvsetkeys 2016/05/16 v1.17 Key value parser (HO)
Package: kvdefinekeys 2016/05/16 v1.4 Define keys (HO)
Package: pdftexcmds 2018/01/21 v0.26 Utility functions of pdfTeX for LuaTeX (HO
)
Package pdftexcmds Info: LuaTeX not detected.
Package pdftexcmds Info: \pdf@primitive is available.
Package pdftexcmds Info: \pdf@ifprimitive is available.
Package pdftexcmds Info: \pdfdraftmode found.
Package: pdfescape 2016/05/16 v1.14 Implements pdfTeX's escape features (HO)
Package: bigintcalc 2016/05/16 v1.4 Expandable calculations on big integers (HO
)
Package: bitset 2016/05/16 v1.2 Handle bit-vector datatype (HO)
Package: uniquecounter 2016/05/16 v1.3 Provide unlimited unique counter (HO)
)
Package hobsub Info: Skipping package `hobsub' (already loaded).
Package: letltxmacro 2016/05/16 v1.5 Let assignment for LaTeX macros (HO)
Package: hopatch 2016/05/16 v1.3 Wrapper for package hooks (HO)
Package: xcolor-patch 2016/05/16 xcolor patch
Package: atveryend 2016/05/16 v1.9 Hooks at the very end of document (HO)
Package atveryend Info: \enddocument detected (standard20110627).
Package: atbegshi 2016/06/09 v1.18 At begin shipout hook (HO)
Package: refcount 2016/05/16 v3.5 Data extraction from label references (HO)
Package: hycolor 2016/05/16 v1.8 Color options for hyperref/bookmark (HO)
)
(/usr/share/texlive/texmf-dist/tex/latex/graphics/keyval.sty
Package: keyval 2014/10/28 v1.15 key=value parser (DPC)
\KV@toks@=\toks18
)
(/usr/share/texlive/texmf-dist/tex/generic/ifxetex/ifxetex.sty
Package: ifxetex 2010/09/12 v0.6 Provides ifxetex conditional
)
(/usr/share/texlive/texmf-dist/tex/latex/oberdiek/auxhook.sty
Package: auxhook 2016/05/16 v1.4 Hooks for auxiliary files (HO)
)
(/usr/share/texlive/texmf-dist/tex/latex/oberdiek/kvoptions.sty
Package: kvoptions 2016/05/16 v3.12 Key value format for package options (HO)
)
\@linkdim=\dimen103
\Hy@linkcounter=\count87
\Hy@pagecounter=\count88

(/usr/share/texlive/texmf-dist/tex/latex/hyperref/pd1enc.def
File: pd1enc.def 2018/02/06 v6.86b Hyperref: PDFDocEncoding definition (HO)
Now handling font encoding PD1 ...
... no UTF-8 mapping file for font encoding PD1
)
\Hy@SavedSpaceFactor=\count89

(/usr/share/texlive/texmf-dist/tex/latex/latexconfig/hyperref.cfg
File: hyperref.cfg 2002/06/06 v1.2 hyperref configuration of TeXLive
)
Package hyperref Info: Hyper figures OFF on input line 4509.
Package hyperref Info: Link nesting OFF on input line 4514.
Package hyperref Info: Hyper index ON on input line 4517.
Package hyperref Info: Plain pages OFF on input line 4524.
Package hyperref Info: Backreferencing OFF on input line 4529.
Package hyperref Info: Implicit mode ON; LaTeX internals redefined.
Package hyperref Info: Bookmarks ON on input line 4762.
\c@Hy@tempcnt=\count90

(/usr/share/texlive/texmf-dist/tex/latex/url/url.sty
\Urlmuskip=\muskip10
Package: url 2013/09/16  ver 3.4  Verb mode for urls, etc.
)
LaTeX Info: Redefining \url on input line 5115.
\XeTeXLinkMargin=\dimen104
\Fld@menulength=\count91
\Field@Width=\dimen105
\Fld@charsize=\dimen106
Package hyperref Info: Hyper figures OFF on input line 6369.
Package hyperref Info: Link nesting OFF on input line 6374.
Package hyperref Info: Hyper index ON on input line 6377.
Package hyperref Info: backreferencing OFF on input line 6384.
Package hyperref Info: Link coloring OFF on input line 6389.
Package hyperref Info: Link coloring with OCG OFF on input line 6394.
Package hyperref Info: PDF/A mode OFF on input line 6399.
LaTeX Info: Redefining \ref on input line 6439.
LaTeX Info: Redefining \pageref on input line 6443.
\Hy@abspage=\count92
\c@Item=\count93
\c@Hfootnote=\count94
)
Package hyperref Info: Driver (autodetected): hpdftex.

(/usr/share/texlive/texmf-dist/tex/latex/hyperref/hpdftex.def
File: hpdftex.def 2018/02/06 v6.86b Hyperref driver for pdfTeX
\Fld@listcount=\count95
\c@bookmark@seq@number=\count96

(/usr/share/texlive/texmf-dist/tex/latex/oberdiek/rerunfilecheck.sty
Package: rerunfilecheck 2016/05/16 v1.8 Rerun checks for auxiliary files (HO)
Package uniquecounter Info: New unique counter `rerunfilecheck' on input line 2
82.
)
\Hy@SectionHShift=\skip43
)
Package hyperref Info: Option `colorlinks' set `true' on input line 10.

(/usr/share/texlive/texmf-dist/tex/latex/xcolor/xcolor.sty
Package: xcolor 2016/05/11 v2.12 LaTeX color extensions (UK)

(/usr/share/texlive/texmf-dist/tex/latex/graphics-cfg/color.cfg
File: color.cfg 2016/01/02 v1.6 sample color configuration
)
Package xcolor Info: Driver file: pdftex.def on input line 225.

(/usr/share/texlive/texmf-dist/tex/latex/graphics-def/pdftex.def
File: pdftex.def 2018/01/08 v1.0l Graphics/color driver for pdftex
)
Package xcolor Info: Model `cmy' substituted by `cmy0' on input line 1348.
Package xcolor Info: Model `hsb' substituted by `rgb' on input line 1352.
Package xcolor Info: Model `RGB' extended on input line 1364.
Package xcolor Info: Model `HTML' substituted by `rgb' on input line 1366.
Package xcolor Info: Model `Hsb' substituted by `hsb' on input line 1367.
Package xcolor Info: Model `tHsb' substituted by `hsb' on input line 1368.
Package xcolor Info: Model `HSB' substituted by `hsb' on input line 1369.
Package xcolor Info: Model `Gray' substituted by `gray' on input line 1370.
Package xcolor Info: Model `wave' substituted by `hsb' on input line 1371.

(/usr/share/texlive/texmf-dist/tex/latex/xcolor/svgnam.def
File: svgnam.def 2016/05/11 v2.12 Predefined colors according to SVG 1.1 (UK)
))
(/usr/share/texlive/texmf-dist/tex/latex/graphics/graphicx.sty
Package: graphicx 2017/06/01 v1.1a Enhanced LaTeX Graphics (DPC,SPQR)

(/usr/share/texlive/texmf-dist/tex/latex/graphics/graphics.sty
Package: graphics 2017/06/25 v1.2c Standard LaTeX Graphics (DPC,SPQR)

(/usr/share/texlive/texmf-dist/tex/latex/graphics/trig.sty
Package: trig 2016/01/03 v1.10 sin cos tan (DPC)
)
(/usr/share/texlive/texmf-dist/tex/latex/graphics-cfg/graphics.cfg
File: graphics.cfg 2016/06/04 v1.11 sample graphics configuration
)
Package graphics Info: Driver file: pdftex.def on input line 99.
)
\Gin@req@height=\dimen107
\Gin@req@width=\dimen108
)
(/usr/share/texlive/texmf-dist/tex/latex/psnfss/times.sty
Package: times 2005/04/12 PSNFSS-v9.2a (SPQR) 
)
(/usr/share/texlive/texmf-dist/tex/latex/movie15/movie15.sty
Package: movie15 2012/05/16

(/usr/share/texlive/texmf-dist/tex/latex/base/ifthen.sty
Package: ifthen 2014/09/29 v1.1c Standard LaTeX ifthen package (DPC)
)
(/usr/share/texlive/texmf-dist/tex/latex/oberdiek/ifdraft.sty
Package: ifdraft 2016/05/16 v1.4 Detect class options draft and final (HO)
)
(/usr/share/texlive/texmf-dist/tex/latex/ms/everyshi.sty
Package: everyshi 2001/05/15 v3.00 EveryShipout Package (MS)
)
\@MXV@page=\count97
\@MXV@adict=\count98
\@MXV@aadict=\count99
\@MXV@includes=\count100
\@MXV@players=\count101
\@MXV@links=\count102
\@MXV@width=\dimen109
\@MXV@height=\dimen110
\@MXV@depth=\dimen111
\@MXV@totalheight=\dimen112
\@MXV@@boxdepth=\dimen113
\@MXV@traiselen=\dimen114
\@MXV@braiselen=\dimen115
\@MXV@start=\dimen116
\@MXV@end=\dimen117
\@MXV@textbox=\box26
)
(/usr/share/texlive/texmf-dist/tex/latex/overpic/overpic.sty
Package: overpic 2017/10/06 1.0 picture overlays

(/usr/share/texlive/texmf-dist/tex/latex/eepic/epic.sty
Enhancements to Picture Environment. Version 1.2 - Released June 1, 1986
\@@multicnt=\count103
\d@lta=\count104
\@delta=\dimen118
\@@delta=\dimen119
\@gridcnt=\count105
\@joinkind=\count106
\@dotgap=\dimen120
\@ddotgap=\dimen121
\@x@diff=\count107
\@y@diff=\count108
\x@diff=\dimen122
\y@diff=\dimen123
\@dotbox=\box27
\num@segments=\count109
\num@segmentsi=\count110
\@datafile=\read2
)) (/usr/share/texlive/texmf-dist/tex/latex/amsfonts/amssymb.sty
Package: amssymb 2013/01/14 v3.01 AMS font symbols

(/usr/share/texlive/texmf-dist/tex/latex/amsfonts/amsfonts.sty
Package: amsfonts 2013/01/14 v3.01 Basic AMSFonts support
\@emptytoks=\toks19
\symAMSa=\mathgroup4
\symAMSb=\mathgroup5
LaTeX Font Info:    Overwriting math alphabet `\mathfrak' in version `bold'
(Font)                  U/euf/m/n --> U/euf/b/n on input line 106.
))
(/usr/share/texlive/texmf-dist/tex/latex/amsmath/amsmath.sty
Package: amsmath 2017/09/02 v2.17a AMS math features
\@mathmargin=\skip44

For additional information on amsmath, use the `?' option.
(/usr/share/texlive/texmf-dist/tex/latex/amsmath/amstext.sty
Package: amstext 2000/06/29 v2.01 AMS text

(/usr/share/texlive/texmf-dist/tex/latex/amsmath/amsgen.sty
File: amsgen.sty 1999/11/30 v2.0 generic functions
\@emptytoks=\toks20
\ex@=\dimen124
))
(/usr/share/texlive/texmf-dist/tex/latex/amsmath/amsbsy.sty
Package: amsbsy 1999/11/29 v1.2d Bold Symbols
\pmbraise@=\dimen125
)
(/usr/share/texlive/texmf-dist/tex/latex/amsmath/amsopn.sty
Package: amsopn 2016/03/08 v2.02 operator names
)
\inf@bad=\count111
LaTeX Info: Redefining \frac on input line 213.
\uproot@=\count112
\leftroot@=\count113
LaTeX Info: Redefining \overline on input line 375.
\classnum@=\count114
\DOTSCASE@=\count115
LaTeX Info: Redefining \ldots on input line 472.
LaTeX Info: Redefining \dots on input line 475.
LaTeX Info: Redefining \cdots on input line 596.
\Mathstrutbox@=\box28
\strutbox@=\box29
\big@size=\dimen126
LaTeX Font Info:    Redeclaring font encoding OML on input line 712.
LaTeX Font Info:    Redeclaring font encoding OMS on input line 713.
\macc@depth=\count116
\c@MaxMatrixCols=\count117
\dotsspace@=\muskip11
\c@parentequation=\count118
\dspbrk@lvl=\count119
\tag@help=\toks21
\row@=\count120
\column@=\count121
\maxfields@=\count122
\andhelp@=\toks22
\eqnshift@=\dimen127
\alignsep@=\dimen128
\tagshift@=\dimen129
\tagwidth@=\dimen130
\totwidth@=\dimen131
\lineht@=\dimen132
\@envbody=\toks23
\multlinegap=\skip45
\multlinetaggap=\skip46
\mathdisplay@stack=\toks24
LaTeX Info: Redefining \[ on input line 2817.
LaTeX Info: Redefining \] on input line 2818.
)
(/usr/share/texlive/texmf-dist/tex/latex/tools/bm.sty
Package: bm 2017/01/16 v1.2c Bold Symbol Support (DPC/FMi)
\symboldoperators=\mathgroup6
\symboldletters=\mathgroup7
\symboldsymbols=\mathgroup8
LaTeX Font Info:    Redeclaring math alphabet \mathbf on input line 141.
LaTeX Info: Redefining \bm on input line 207.
)
(/usr/share/texlive/texmf-dist/tex/latex/lineno/lineno.sty
Package: lineno 2005/11/02 line numbers on paragraphs v4.41
\linenopenalty=\count123
\output=\toks25
\linenoprevgraf=\count124
\linenumbersep=\dimen133
\linenumberwidth=\dimen134
\c@linenumber=\count125
\c@pagewiselinenumber=\count126
\c@LN@truepage=\count127
\c@internallinenumber=\count128
\c@internallinenumbers=\count129
\quotelinenumbersep=\dimen135
\bframerule=\dimen136
\bframesep=\dimen137
\bframebox=\box30
LaTeX Info: Redefining \\ on input line 3056.
)
(/usr/share/texlive/texmf-dist/tex/latex/caption/subcaption.sty
Package: subcaption 2016/05/22 v1.1-161 Sub-captions (AR)

(/usr/share/texlive/texmf-dist/tex/latex/caption/caption.sty
Package: caption 2016/02/21 v3.3-144 Customizing captions (AR)

(/usr/share/texlive/texmf-dist/tex/latex/caption/caption3.sty
Package: caption3 2016/05/22 v1.7-166 caption3 kernel (AR)
Package caption3 Info: TeX engine: e-TeX on input line 67.
\captionmargin=\dimen138
\captionmargin@=\dimen139
\captionwidth=\dimen140
\caption@tempdima=\dimen141
\caption@indent=\dimen142
\caption@parindent=\dimen143
\caption@hangindent=\dimen144
)
\c@ContinuedFloat=\count130
Package caption Info: hyperref package is loaded.
)
\c@subfigure=\count131
\c@subtable=\count132
)
(/home/mystic-horizon/texmf/tex/latex/pgf/frontendlayer/tikz.sty
(/home/mystic-horizon/texmf/tex/latex/pgf/basiclayer/pgf.sty
(/home/mystic-horizon/texmf/tex/latex/pgf/utilities/pgfrcs.sty
(/home/mystic-horizon/texmf/tex/generic/pgf/utilities/pgfutil-common.tex
\pgfutil@everybye=\toks26
\pgfutil@tempdima=\dimen145
\pgfutil@tempdimb=\dimen146

(/home/mystic-horizon/texmf/tex/generic/pgf/utilities/pgfutil-common-lists.tex)
) (/home/mystic-horizon/texmf/tex/generic/pgf/utilities/pgfutil-latex.def
\pgfutil@abb=\box31
)
(/home/mystic-horizon/texmf/tex/generic/pgf/utilities/pgfrcs.code.tex
Package: pgfrcs 2015/08/07 v3.0.1a (rcs-revision 1.31)
))
Package: pgf 2015/08/07 v3.0.1a (rcs-revision 1.15)

(/home/mystic-horizon/texmf/tex/latex/pgf/basiclayer/pgfcore.sty
(/home/mystic-horizon/texmf/tex/latex/pgf/systemlayer/pgfsys.sty
(/home/mystic-horizon/texmf/tex/generic/pgf/systemlayer/pgfsys.code.tex
Package: pgfsys 2014/07/09 v3.0.1a (rcs-revision 1.48)

(/home/mystic-horizon/texmf/tex/generic/pgf/utilities/pgfkeys.code.tex
\pgfkeys@pathtoks=\toks27
\pgfkeys@temptoks=\toks28

(/home/mystic-horizon/texmf/tex/generic/pgf/utilities/pgfkeysfiltered.code.tex
\pgfkeys@tmptoks=\toks29
))
\pgf@x=\dimen147
\pgf@y=\dimen148
\pgf@xa=\dimen149
\pgf@ya=\dimen150
\pgf@xb=\dimen151
\pgf@yb=\dimen152
\pgf@xc=\dimen153
\pgf@yc=\dimen154
\w@pgf@writea=\write3
\r@pgf@reada=\read3
\c@pgf@counta=\count133
\c@pgf@countb=\count134
\c@pgf@countc=\count135
\c@pgf@countd=\count136
\t@pgf@toka=\toks30
\t@pgf@tokb=\toks31
\t@pgf@tokc=\toks32
 (/home/mystic-horizon/texmf/tex/generic/pgf/systemlayer/pgf.cfg
File: pgf.cfg 2008/05/14  (rcs-revision 1.7)
)
Driver file for pgf: pgfsys-pdftex.def

(/home/mystic-horizon/texmf/tex/generic/pgf/systemlayer/pgfsys-pdftex.def
File: pgfsys-pdftex.def 2014/10/11  (rcs-revision 1.35)

(/home/mystic-horizon/texmf/tex/generic/pgf/systemlayer/pgfsys-common-pdf.def
File: pgfsys-common-pdf.def 2013/10/10  (rcs-revision 1.13)
)))
(/home/mystic-horizon/texmf/tex/generic/pgf/systemlayer/pgfsyssoftpath.code.tex
File: pgfsyssoftpath.code.tex 2013/09/09  (rcs-revision 1.9)
\pgfsyssoftpath@smallbuffer@items=\count137
\pgfsyssoftpath@bigbuffer@items=\count138
)
(/home/mystic-horizon/texmf/tex/generic/pgf/systemlayer/pgfsysprotocol.code.tex
File: pgfsysprotocol.code.tex 2006/10/16  (rcs-revision 1.4)
)) (/home/mystic-horizon/texmf/tex/generic/pgf/basiclayer/pgfcore.code.tex
Package: pgfcore 2010/04/11 v3.0.1a (rcs-revision 1.7)

(/home/mystic-horizon/texmf/tex/generic/pgf/math/pgfmath.code.tex
(/home/mystic-horizon/texmf/tex/generic/pgf/math/pgfmathcalc.code.tex
(/home/mystic-horizon/texmf/tex/generic/pgf/math/pgfmathutil.code.tex)
(/home/mystic-horizon/texmf/tex/generic/pgf/math/pgfmathparser.code.tex
\pgfmath@dimen=\dimen155
\pgfmath@count=\count139
\pgfmath@box=\box32
\pgfmath@toks=\toks33
\pgfmath@stack@operand=\toks34
\pgfmath@stack@operation=\toks35
)
(/home/mystic-horizon/texmf/tex/generic/pgf/math/pgfmathfunctions.code.tex
(/home/mystic-horizon/texmf/tex/generic/pgf/math/pgfmathfunctions.basic.code.te
x)
(/home/mystic-horizon/texmf/tex/generic/pgf/math/pgfmathfunctions.trigonometric
.code.tex)
(/home/mystic-horizon/texmf/tex/generic/pgf/math/pgfmathfunctions.random.code.t
ex)
(/home/mystic-horizon/texmf/tex/generic/pgf/math/pgfmathfunctions.comparison.co
de.tex)
(/home/mystic-horizon/texmf/tex/generic/pgf/math/pgfmathfunctions.base.code.tex
)
(/home/mystic-horizon/texmf/tex/generic/pgf/math/pgfmathfunctions.round.code.te
x)
(/home/mystic-horizon/texmf/tex/generic/pgf/math/pgfmathfunctions.misc.code.tex
)
(/home/mystic-horizon/texmf/tex/generic/pgf/math/pgfmathfunctions.integerarithm
etics.code.tex)))
(/home/mystic-horizon/texmf/tex/generic/pgf/math/pgfmathfloat.code.tex
\c@pgfmathroundto@lastzeros=\count140
))
(/home/mystic-horizon/texmf/tex/generic/pgf/basiclayer/pgfcorepoints.code.tex
File: pgfcorepoints.code.tex 2013/10/07  (rcs-revision 1.27)
\pgf@picminx=\dimen156
\pgf@picmaxx=\dimen157
\pgf@picminy=\dimen158
\pgf@picmaxy=\dimen159
\pgf@pathminx=\dimen160
\pgf@pathmaxx=\dimen161
\pgf@pathminy=\dimen162
\pgf@pathmaxy=\dimen163
\pgf@xx=\dimen164
\pgf@xy=\dimen165
\pgf@yx=\dimen166
\pgf@yy=\dimen167
\pgf@zx=\dimen168
\pgf@zy=\dimen169
)
(/home/mystic-horizon/texmf/tex/generic/pgf/basiclayer/pgfcorepathconstruct.cod
e.tex
File: pgfcorepathconstruct.code.tex 2013/10/07  (rcs-revision 1.29)
\pgf@path@lastx=\dimen170
\pgf@path@lasty=\dimen171
)
(/home/mystic-horizon/texmf/tex/generic/pgf/basiclayer/pgfcorepathusage.code.te
x
File: pgfcorepathusage.code.tex 2014/11/02  (rcs-revision 1.24)
\pgf@shorten@end@additional=\dimen172
\pgf@shorten@start@additional=\dimen173
)
(/home/mystic-horizon/texmf/tex/generic/pgf/basiclayer/pgfcorescopes.code.tex
File: pgfcorescopes.code.tex 2015/05/08  (rcs-revision 1.46)
\pgfpic=\box33
\pgf@hbox=\box34
\pgf@layerbox@main=\box35
\pgf@picture@serial@count=\count141
)
(/home/mystic-horizon/texmf/tex/generic/pgf/basiclayer/pgfcoregraphicstate.code
.tex
File: pgfcoregraphicstate.code.tex 2014/11/02  (rcs-revision 1.12)
\pgflinewidth=\dimen174
)
(/home/mystic-horizon/texmf/tex/generic/pgf/basiclayer/pgfcoretransformations.c
ode.tex
File: pgfcoretransformations.code.tex 2015/08/07  (rcs-revision 1.20)
\pgf@pt@x=\dimen175
\pgf@pt@y=\dimen176
\pgf@pt@temp=\dimen177
)
(/home/mystic-horizon/texmf/tex/generic/pgf/basiclayer/pgfcorequick.code.tex
File: pgfcorequick.code.tex 2008/10/09  (rcs-revision 1.3)
)
(/home/mystic-horizon/texmf/tex/generic/pgf/basiclayer/pgfcoreobjects.code.tex
File: pgfcoreobjects.code.tex 2006/10/11  (rcs-revision 1.2)
)
(/home/mystic-horizon/texmf/tex/generic/pgf/basiclayer/pgfcorepathprocessing.co
de.tex
File: pgfcorepathprocessing.code.tex 2013/09/09  (rcs-revision 1.9)
)
(/home/mystic-horizon/texmf/tex/generic/pgf/basiclayer/pgfcorearrows.code.tex
File: pgfcorearrows.code.tex 2015/05/14  (rcs-revision 1.43)
\pgfarrowsep=\dimen178
)
(/home/mystic-horizon/texmf/tex/generic/pgf/basiclayer/pgfcoreshade.code.tex
File: pgfcoreshade.code.tex 2013/07/15  (rcs-revision 1.15)
\pgf@max=\dimen179
\pgf@sys@shading@range@num=\count142
)
(/home/mystic-horizon/texmf/tex/generic/pgf/basiclayer/pgfcoreimage.code.tex
File: pgfcoreimage.code.tex 2013/07/15  (rcs-revision 1.18)

(/home/mystic-horizon/texmf/tex/generic/pgf/basiclayer/pgfcoreexternal.code.tex
File: pgfcoreexternal.code.tex 2014/07/09  (rcs-revision 1.21)
\pgfexternal@startupbox=\box36
))
(/home/mystic-horizon/texmf/tex/generic/pgf/basiclayer/pgfcorelayers.code.tex
File: pgfcorelayers.code.tex 2013/07/18  (rcs-revision 1.7)
)
(/home/mystic-horizon/texmf/tex/generic/pgf/basiclayer/pgfcoretransparency.code
.tex
File: pgfcoretransparency.code.tex 2013/09/30  (rcs-revision 1.5)
)
(/home/mystic-horizon/texmf/tex/generic/pgf/basiclayer/pgfcorepatterns.code.tex
File: pgfcorepatterns.code.tex 2013/11/07  (rcs-revision 1.5)
)))
(/home/mystic-horizon/texmf/tex/generic/pgf/modules/pgfmoduleshapes.code.tex
File: pgfmoduleshapes.code.tex 2014/03/21  (rcs-revision 1.35)
\pgfnodeparttextbox=\box37
)
(/home/mystic-horizon/texmf/tex/generic/pgf/modules/pgfmoduleplot.code.tex
File: pgfmoduleplot.code.tex 2015/08/03  (rcs-revision 1.13)
)
(/home/mystic-horizon/texmf/tex/latex/pgf/compatibility/pgfcomp-version-0-65.st
y
Package: pgfcomp-version-0-65 2007/07/03 v3.0.1a (rcs-revision 1.7)
\pgf@nodesepstart=\dimen180
\pgf@nodesepend=\dimen181
)
(/home/mystic-horizon/texmf/tex/latex/pgf/compatibility/pgfcomp-version-1-18.st
y
Package: pgfcomp-version-1-18 2007/07/23 v3.0.1a (rcs-revision 1.1)
)) (/home/mystic-horizon/texmf/tex/latex/pgf/utilities/pgffor.sty
(/home/mystic-horizon/texmf/tex/latex/pgf/utilities/pgfkeys.sty
(/home/mystic-horizon/texmf/tex/generic/pgf/utilities/pgfkeys.code.tex))
(/home/mystic-horizon/texmf/tex/latex/pgf/math/pgfmath.sty
(/home/mystic-horizon/texmf/tex/generic/pgf/math/pgfmath.code.tex))
(/home/mystic-horizon/texmf/tex/generic/pgf/utilities/pgffor.code.tex
Package: pgffor 2013/12/13 v3.0.1a (rcs-revision 1.25)

(/home/mystic-horizon/texmf/tex/generic/pgf/math/pgfmath.code.tex)
\pgffor@iter=\dimen182
\pgffor@skip=\dimen183
\pgffor@stack=\toks36
\pgffor@toks=\toks37
))
(/home/mystic-horizon/texmf/tex/generic/pgf/frontendlayer/tikz/tikz.code.tex
Package: tikz 2015/08/07 v3.0.1a (rcs-revision 1.151)

(/home/mystic-horizon/texmf/tex/generic/pgf/libraries/pgflibraryplothandlers.co
de.tex
File: pgflibraryplothandlers.code.tex 2013/08/31 v3.0.1a (rcs-revision 1.20)
\pgf@plot@mark@count=\count143
\pgfplotmarksize=\dimen184
)
\tikz@lastx=\dimen185
\tikz@lasty=\dimen186
\tikz@lastxsaved=\dimen187
\tikz@lastysaved=\dimen188
\tikzleveldistance=\dimen189
\tikzsiblingdistance=\dimen190
\tikz@figbox=\box38
\tikz@figbox@bg=\box39
\tikz@tempbox=\box40
\tikz@tempbox@bg=\box41
\tikztreelevel=\count144
\tikznumberofchildren=\count145
\tikznumberofcurrentchild=\count146
\tikz@fig@count=\count147

(/home/mystic-horizon/texmf/tex/generic/pgf/modules/pgfmodulematrix.code.tex
File: pgfmodulematrix.code.tex 2013/09/17  (rcs-revision 1.8)
\pgfmatrixcurrentrow=\count148
\pgfmatrixcurrentcolumn=\count149
\pgf@matrix@numberofcolumns=\count150
)
\tikz@expandcount=\count151

(/home/mystic-horizon/texmf/tex/generic/pgf/frontendlayer/tikz/libraries/tikzli
brarytopaths.code.tex
File: tikzlibrarytopaths.code.tex 2008/06/17 v3.0.1a (rcs-revision 1.2)
))) (/usr/share/texlive/texmf-dist/tex/latex/soul/soul.sty
Package: soul 2003/11/17 v2.4 letterspacing/underlining (mf)
\SOUL@word=\toks38
\SOUL@lasttoken=\toks39
\SOUL@cmds=\toks40
\SOUL@buffer=\toks41
\SOUL@token=\toks42
\SOUL@spaceskip=\skip47
\SOUL@ttwidth=\dimen191
\SOUL@uldp=\dimen192
\SOUL@ulht=\dimen193
) (/usr/share/texlive/texmf-dist/tex/latex/pgfplots/pgfplots.sty
(/usr/share/texlive/texmf-dist/tex/generic/pgfplots/pgfplots.revision.tex)
Package: pgfplots 2017/06/05 v1.15 Data Visualization (1.15)

(/usr/share/texlive/texmf-dist/tex/generic/pgfplots/pgfplots.code.tex
(/usr/share/texlive/texmf-dist/tex/generic/pgfplots/pgfplotscore.code.tex
\t@pgfplots@toka=\toks43
\t@pgfplots@tokb=\toks44
\t@pgfplots@tokc=\toks45
\pgfplots@tmpa=\dimen194
\c@pgfplots@coordindex=\count152
\c@pgfplots@scanlineindex=\count153

(/usr/share/texlive/texmf-dist/tex/generic/pgfplots/sys/pgfplotssysgeneric.code
.tex))
(/usr/share/texlive/texmf-dist/tex/generic/pgfplots/libs/pgfplotslibrary.code.t
ex)
(/usr/share/texlive/texmf-dist/tex/generic/pgfplots/oldpgfcompatib/pgfplotsoldp
gfsupp_loader.code.tex
(/home/mystic-horizon/texmf/tex/generic/pgf/libraries/pgflibraryfpu.code.tex)
Package pgfplots: loading complementary arithmetics for your pgf version...

(/usr/share/texlive/texmf-dist/tex/generic/pgfplots/oldpgfcompatib/pgfplotsoldp
gfsupp_pgflibraryfpu.code.tex)
(/usr/share/texlive/texmf-dist/tex/generic/pgfplots/oldpgfcompatib/pgfplotsoldp
gfsupp_pgfmathfloat.code.tex
\c@pgfmathroundto@lastzeros=\count154
))
(/usr/share/texlive/texmf-dist/tex/generic/pgfplots/util/pgfplotsutil.code.tex
(/usr/share/texlive/texmf-dist/tex/generic/pgfplots/liststructure/pgfplotslists
tructure.code.tex)
(/usr/share/texlive/texmf-dist/tex/generic/pgfplots/liststructure/pgfplotslists
tructureext.code.tex)
(/usr/share/texlive/texmf-dist/tex/generic/pgfplots/liststructure/pgfplotsarray
.code.tex
\c@pgfplotsarray@tmp=\count155
)
(/usr/share/texlive/texmf-dist/tex/generic/pgfplots/liststructure/pgfplotsmatri
x.code.tex)
(/usr/share/texlive/texmf-dist/tex/generic/pgfplots/numtable/pgfplotstableshare
d.code.tex
\c@pgfplotstable@counta=\count156
\t@pgfplotstable@a=\toks46
)
(/usr/share/texlive/texmf-dist/tex/generic/pgfplots/liststructure/pgfplotsdeque
.code.tex)
(/usr/share/texlive/texmf-dist/tex/generic/pgfplots/util/pgfplotsbinary.code.te
x
(/usr/share/texlive/texmf-dist/tex/generic/pgfplots/util/pgfplotsbinary.data.co
de.tex))
(/usr/share/texlive/texmf-dist/tex/generic/pgfplots/util/pgfplotsutil.verb.code
.tex)
(/usr/share/texlive/texmf-dist/tex/generic/pgfplots/libs/pgflibrarypgfplots.sur
fshading.code.tex
\c@pgfplotslibrarysurf@no=\count157

(/usr/share/texlive/texmf-dist/tex/generic/pgfplots/sys/pgflibrarypgfplots.surf
shading.pgfsys-pdftex.def)))
(/usr/share/texlive/texmf-dist/tex/generic/pgfplots/util/pgfplotscolormap.code.
tex
(/usr/share/texlive/texmf-dist/tex/generic/pgfplots/util/pgfplotscolor.code.tex
))
(/usr/share/texlive/texmf-dist/tex/generic/pgfplots/pgfplotsstackedplots.code.t
ex)
(/usr/share/texlive/texmf-dist/tex/generic/pgfplots/pgfplotsplothandlers.code.t
ex
(/usr/share/texlive/texmf-dist/tex/generic/pgfplots/pgfplotsmeshplothandler.cod
e.tex
(/usr/share/texlive/texmf-dist/tex/generic/pgfplots/pgfplotsmeshplotimage.code.
tex)))
(/usr/share/texlive/texmf-dist/tex/generic/pgfplots/pgfplots.scaling.code.tex)
(/usr/share/texlive/texmf-dist/tex/generic/pgfplots/pgfplotscoordprocessing.cod
e.tex)
(/usr/share/texlive/texmf-dist/tex/generic/pgfplots/pgfplots.errorbars.code.tex
) (/usr/share/texlive/texmf-dist/tex/generic/pgfplots/pgfplots.markers.code.tex
) (/usr/share/texlive/texmf-dist/tex/generic/pgfplots/pgfplotsticks.code.tex)
(/usr/share/texlive/texmf-dist/tex/generic/pgfplots/pgfplots.paths.code.tex)
(/home/mystic-horizon/texmf/tex/generic/pgf/frontendlayer/tikz/libraries/tikzli
brarydecorations.code.tex
(/home/mystic-horizon/texmf/tex/generic/pgf/modules/pgfmoduledecorations.code.t
ex
\pgfdecoratedcompleteddistance=\dimen195
\pgfdecoratedremainingdistance=\dimen196
\pgfdecoratedinputsegmentcompleteddistance=\dimen197
\pgfdecoratedinputsegmentremainingdistance=\dimen198
\pgf@decorate@distancetomove=\dimen199
\pgf@decorate@repeatstate=\count158
\pgfdecorationsegmentamplitude=\dimen256
\pgfdecorationsegmentlength=\dimen257
)
\tikz@lib@dec@box=\box42
)
(/home/mystic-horizon/texmf/tex/generic/pgf/frontendlayer/tikz/libraries/tikzli
brarydecorations.pathmorphing.code.tex
(/home/mystic-horizon/texmf/tex/generic/pgf/libraries/decorations/pgflibrarydec
orations.pathmorphing.code.tex))
(/home/mystic-horizon/texmf/tex/generic/pgf/frontendlayer/tikz/libraries/tikzli
brarydecorations.pathreplacing.code.tex
(/home/mystic-horizon/texmf/tex/generic/pgf/libraries/decorations/pgflibrarydec
orations.pathreplacing.code.tex))
\pgfplots@numplots=\count159
\pgfplots@xmin@reg=\dimen258
\pgfplots@xmax@reg=\dimen259
\pgfplots@ymin@reg=\dimen260
\pgfplots@ymax@reg=\dimen261
\pgfplots@zmin@reg=\dimen262
\pgfplots@zmax@reg=\dimen263
)
(/home/mystic-horizon/texmf/tex/generic/pgf/frontendlayer/tikz/libraries/tikzli
braryplotmarks.code.tex
File: tikzlibraryplotmarks.code.tex 2008/01/09 v3.0.1a (rcs-revision 1.1)

(/home/mystic-horizon/texmf/tex/generic/pgf/libraries/pgflibraryplotmarks.code.
tex
File: pgflibraryplotmarks.code.tex 2015/08/03 v3.0.1a (rcs-revision 1.14)
))) (/usr/share/texlive/texmf-dist/tex/latex/siunitx/siunitx.sty
(/usr/share/texlive/texmf-dist/tex/latex/l3kernel/expl3.sty
Package: expl3 2018/02/21 L3 programming layer (loader) 

(/usr/share/texlive/texmf-dist/tex/latex/l3kernel/expl3-code.tex
Package: expl3 2018/02/21 L3 programming layer (code)
\c_max_int=\count160
\l_tmpa_int=\count161
\l_tmpb_int=\count162
\g_tmpa_int=\count163
\g_tmpb_int=\count164
\g__intarray_font_int=\count165
\g__prg_map_int=\count166
\c_log_iow=\count167
\l_iow_line_count_int=\count168
\l__iow_line_target_int=\count169
\l__iow_one_indent_int=\count170
\l__iow_indent_int=\count171
\c_zero_dim=\dimen264
\c_max_dim=\dimen265
\l_tmpa_dim=\dimen266
\l_tmpb_dim=\dimen267
\g_tmpa_dim=\dimen268
\g_tmpb_dim=\dimen269
\c_zero_skip=\skip48
\c_max_skip=\skip49
\l_tmpa_skip=\skip50
\l_tmpb_skip=\skip51
\g_tmpa_skip=\skip52
\g_tmpb_skip=\skip53
\c_zero_muskip=\muskip12
\c_max_muskip=\muskip13
\l_tmpa_muskip=\muskip14
\l_tmpb_muskip=\muskip15
\g_tmpa_muskip=\muskip16
\g_tmpb_muskip=\muskip17
\l_keys_choice_int=\count172
\c__fp_leading_shift_int=\count173
\c__fp_middle_shift_int=\count174
\c__fp_trailing_shift_int=\count175
\c__fp_big_leading_shift_int=\count176
\c__fp_big_middle_shift_int=\count177
\c__fp_big_trailing_shift_int=\count178
\c__fp_Bigg_leading_shift_int=\count179
\c__fp_Bigg_middle_shift_int=\count180
\c__fp_Bigg_trailing_shift_int=\count181
\c__fp_rand_size_int=\count182
\c__fp_rand_four_int=\count183
\c__fp_rand_eight_int=\count184
\l__sort_length_int=\count185
\l__sort_min_int=\count186
\l__sort_top_int=\count187
\l__sort_max_int=\count188
\l__sort_true_max_int=\count189
\l__sort_block_int=\count190
\l__sort_begin_int=\count191
\l__sort_end_int=\count192
\l__sort_A_int=\count193
\l__sort_B_int=\count194
\l__sort_C_int=\count195
\l__tl_build_start_index_int=\count196
\l__tl_build_index_int=\count197
\l__tl_analysis_normal_int=\count198
\l__tl_analysis_index_int=\count199
\l__tl_analysis_nesting_int=\count266
\l__tl_analysis_type_int=\count267
\l__regex_internal_a_int=\count268
\l__regex_internal_b_int=\count269
\l__regex_internal_c_int=\count270
\l__regex_balance_int=\count271
\l__regex_group_level_int=\count272
\l__regex_mode_int=\count273
\c__regex_cs_in_class_mode_int=\count274
\c__regex_cs_mode_int=\count275
\l__regex_catcodes_int=\count276
\l__regex_default_catcodes_int=\count277
\c__regex_catcode_D_int=\count278
\c__regex_catcode_S_int=\count279
\c__regex_catcode_L_int=\count280
\c__regex_catcode_O_int=\count281
\c__regex_catcode_A_int=\count282
\c__regex_all_catcodes_int=\count283
\l__regex_show_lines_int=\count284
\l__regex_min_state_int=\count285
\l__regex_max_state_int=\count286
\l__regex_left_state_int=\count287
\l__regex_right_state_int=\count288
\l__regex_capturing_group_int=\count289
\l__regex_min_pos_int=\count290
\l__regex_max_pos_int=\count291
\l__regex_curr_pos_int=\count292
\l__regex_start_pos_int=\count293
\l__regex_success_pos_int=\count294
\l__regex_curr_char_int=\count295
\l__regex_curr_catcode_int=\count296
\l__regex_last_char_int=\count297
\l__regex_case_changed_char_int=\count298
\l__regex_curr_state_int=\count299
\l__regex_step_int=\count300
\l__regex_min_active_int=\count301
\l__regex_max_active_int=\count302
\l__regex_replacement_csnames_int=\count303
\l__regex_match_count_int=\count304
\l__regex_min_submatch_int=\count305
\l__regex_submatch_int=\count306
\l__regex_zeroth_submatch_int=\count307
\g__regex_trace_regex_int=\count308
\c_empty_box=\box43
\l_tmpa_box=\box44
\l_tmpb_box=\box45
\g_tmpa_box=\box46
\g_tmpb_box=\box47
\l__box_top_dim=\dimen270
\l__box_bottom_dim=\dimen271
\l__box_left_dim=\dimen272
\l__box_right_dim=\dimen273
\l__box_top_new_dim=\dimen274
\l__box_bottom_new_dim=\dimen275
\l__box_left_new_dim=\dimen276
\l__box_right_new_dim=\dimen277
\l__box_internal_box=\box48
\l__coffin_internal_box=\box49
\l__coffin_internal_dim=\dimen278
\l__coffin_offset_x_dim=\dimen279
\l__coffin_offset_y_dim=\dimen280
\l__coffin_x_dim=\dimen281
\l__coffin_y_dim=\dimen282
\l__coffin_x_prime_dim=\dimen283
\l__coffin_y_prime_dim=\dimen284
\c_empty_coffin=\box50
\l__coffin_aligned_coffin=\box51
\l__coffin_aligned_internal_coffin=\box52
\l_tmpa_coffin=\box53
\l_tmpb_coffin=\box54
\l__coffin_display_coffin=\box55
\l__coffin_display_coord_coffin=\box56
\l__coffin_display_pole_coffin=\box57
\l__coffin_display_offset_dim=\dimen285
\l__coffin_display_x_dim=\dimen286
\l__coffin_display_y_dim=\dimen287
\l__coffin_bounding_shift_dim=\dimen288
\l__coffin_left_corner_dim=\dimen289
\l__coffin_right_corner_dim=\dimen290
\l__coffin_bottom_corner_dim=\dimen291
\l__coffin_top_corner_dim=\dimen292
\l__coffin_scaled_total_height_dim=\dimen293
\l__coffin_scaled_width_dim=\dimen294
)
(/usr/share/texlive/texmf-dist/tex/latex/l3kernel/l3pdfmode.def
File: l3pdfmode.def 2017/03/18 v L3 Experimental driver: PDF mode
\l__driver_color_stack_int=\count309
\l__driver_tmp_box=\box58
))
(/usr/share/texlive/texmf-dist/tex/latex/l3packages/xparse/xparse.sty
Package: xparse 2018/02/21 L3 Experimental document command parser
\l__xparse_current_arg_int=\count310
\g__xparse_grabber_int=\count311
\l__xparse_m_args_int=\count312
\l__xparse_mandatory_args_int=\count313
\l__xparse_v_nesting_int=\count314
)
Package: siunitx 2017/11/26 v2.7k A comprehensive (SI) units package

(/usr/share/texlive/texmf-dist/tex/latex/tools/array.sty
Package: array 2016/10/06 v2.4d Tabular extension package (FMi)
\col@sep=\dimen295
\extrarowheight=\dimen296
\NC@list=\toks47
\extratabsurround=\skip54
\backup@length=\skip55
)
(/usr/share/texlive/texmf-dist/tex/latex/l3packages/l3keys2e/l3keys2e.sty
Package: l3keys2e 2018/02/21 LaTeX2e option processing using LaTeX3 keys
)
\l__siunitx_tmp_box=\box59
\l__siunitx_tmp_dim=\dimen297
\l__siunitx_tmp_int=\count315
\l__siunitx_number_mantissa_length_int=\count316
\l__siunitx_number_uncert_length_int=\count317
\l__siunitx_round_int=\count318
\l__siunitx_process_decimal_int=\count319
\l__siunitx_process_uncertainty_int=\count320
\l__siunitx_process_fixed_int=\count321
\l__siunitx_process_integer_min_int=\count322
\l__siunitx_process_precision_int=\count323
\l__siunitx_group_min_int=\count324
\l__siunitx_angle_marker_box=\box60
\l__siunitx_angle_unit_box=\box61
\l__siunitx_angle_marker_dim=\dimen298
\l__siunitx_angle_unit_dim=\dimen299
\l__siunitx_unit_int=\count325
\l__siunitx_unit_denominator_int=\count326
\l__siunitx_unit_numerator_int=\count327
\l__siunitx_unit_prefix_int=\count328
\l__siunitx_unit_prefix_base_int=\count329
\l__siunitx_unit_prefix_gram_int=\count330
\l__siunitx_number_product_int=\count331
\c__siunitx_one_fill_skip=\skip56
\l__siunitx_table_unit_align_skip=\skip57
\l__siunitx_table_exponent_dim=\dimen300
\l__siunitx_table_integer_dim=\dimen301
\l__siunitx_table_mantissa_dim=\dimen302
\l__siunitx_table_marker_dim=\dimen303
\l__siunitx_table_result_dim=\dimen304
\l__siunitx_table_uncert_dim=\dimen305
\l__siunitx_table_fill_pre_dim=\dimen306
\l__siunitx_table_fill_post_dim=\dimen307
\l__siunitx_table_fill_mid_dim=\dimen308
\l__siunitx_table_pre_box=\box62
\l__siunitx_table_post_box=\box63
\l__siunitx_table_mantissa_box=\box64
\l__siunitx_table_result_box=\box65
\l__siunitx_table_number_align_skip=\skip58
\l__siunitx_table_text_align_skip=\skip59
.................................................
. LaTeX info: "xparse/define-command"
. 
. Defining command \DeclareBinaryPrefix with sig. 'mmm' on line 7250.
.................................................
.................................................
. LaTeX info: "xparse/define-command"
. 
. Defining command \DeclareSIPostPower with sig. 'mm' on line 7253.
.................................................
.................................................
. LaTeX info: "xparse/define-command"
. 
. Defining command \DeclareSIPrefix with sig. 'mmm' on line 7256.
.................................................
.................................................
. LaTeX info: "xparse/define-command"
. 
. Defining command \DeclareSIPrePower with sig. 'mm' on line 7259.
.................................................
.................................................
. LaTeX info: "xparse/define-command"
. 
. Defining command \DeclareSIQualifier with sig. 'mm' on line 7262.
.................................................
.................................................
. LaTeX info: "xparse/define-command"
. 
. Defining command \DeclareSIUnit with sig. 'O{}mm' on line 7265.
.................................................
.................................................
. LaTeX info: "xparse/define-command"
. 
. Defining command \DeclareSIUnitWithOptions with sig. 'mmm' on line 7268.
.................................................
.................................................
. LaTeX info: "xparse/define-command"
. 
. Defining command \ang with sig. 'o>{\SplitArgument {2}{;}}m' on line 7283.
.................................................
.................................................
. LaTeX info: "xparse/define-command"
. 
. Defining command \num with sig. 'om' on line 7292.
.................................................
.................................................
. LaTeX info: "xparse/define-command"
. 
. Defining command \numlist with sig. 'o>{\SplitList {;}}m' on line 7301.
.................................................
.................................................
. LaTeX info: "xparse/define-command"
. 
. Defining command \numrange with sig. 'omm' on line 7310.
.................................................
.................................................
. LaTeX info: "xparse/define-command"
. 
. Defining command \SIlist with sig. 'o>{\SplitList {;}}mm' on line 7322.
.................................................
.................................................
. LaTeX info: "xparse/define-command"
. 
. Defining command \SIrange with sig. 'ommm' on line 7334.
.................................................
.................................................
. LaTeX info: "xparse/define-command"
. 
. Defining command \SI with sig. 'omom' on line 7346.
.................................................
.................................................
. LaTeX info: "xparse/define-command"
. 
. Defining command \sisetup with sig. 'm' on line 7349.
.................................................
.................................................
. LaTeX info: "xparse/define-command"
. 
. Defining command \tablenum with sig. 'om' on line 7364.
.................................................
.................................................
. LaTeX info: "xparse/define-command"
. 
. Defining command \si with sig. 'om' on line 7376.
.................................................
.................................................
. LaTeX info: "xparse/define-command"
. 
. Defining command \numInBookmark with sig. 'om' on line 7423.
.................................................
.................................................
. LaTeX info: "xparse/define-command"
. 
. Defining command \numrangeInBookmark with sig. 'omm' on line 7425.
.................................................
.................................................
. LaTeX info: "xparse/define-command"
. 
. Defining command \SIInBookmark with sig. 'omom' on line 7427.
.................................................
.................................................
. LaTeX info: "xparse/define-command"
. 
. Defining command \SIlistInBookmark with sig. 'omm' on line 7429.
.................................................
.................................................
. LaTeX info: "xparse/define-command"
. 
. Defining command \SIrangeInBookmark with sig. 'ommm' on line 7431.
.................................................
.................................................
. LaTeX info: "xparse/define-command"
. 
. Defining command \siInBookmark with sig. 'om' on line 7432.
.................................................
\g__file_internal_ior=\read4

(/usr/share/texlive/texmf-dist/tex/latex/translator/translator.sty
Package: translator 2018/01/04 v1.12 Easy translation of strings in LaTeX
))
(/home/mystic-horizon/texmf/tex/generic/pgf/frontendlayer/tikz/libraries/tikzli
braryspy.code.tex
File: tikzlibraryspy.code.tex 2011/05/19 v3.0.1a (rcs-revision 1.4)
\tikz@lib@spybox=\box66
)
(/home/mystic-horizon/texmf/tex/generic/pgf/frontendlayer/tikz/libraries/tikzli
brarycalc.code.tex
File: tikzlibrarycalc.code.tex 2013/07/15 v3.0.1a (rcs-revision 1.9)
) (./zb-se.sty) (./r.aux)
\openout1 = `r.aux'.

LaTeX Font Info:    Checking defaults for OML/cmm/m/it on input line 42.
LaTeX Font Info:    ... okay on input line 42.
LaTeX Font Info:    Checking defaults for T1/cmr/m/n on input line 42.
LaTeX Font Info:    ... okay on input line 42.
LaTeX Font Info:    Checking defaults for OT1/cmr/m/n on input line 42.
LaTeX Font Info:    ... okay on input line 42.
LaTeX Font Info:    Checking defaults for OMS/cmsy/m/n on input line 42.
LaTeX Font Info:    ... okay on input line 42.
LaTeX Font Info:    Checking defaults for OMX/cmex/m/n on input line 42.
LaTeX Font Info:    ... okay on input line 42.
LaTeX Font Info:    Checking defaults for U/cmr/m/n on input line 42.
LaTeX Font Info:    ... okay on input line 42.
LaTeX Font Info:    Checking defaults for PD1/pdf/m/n on input line 42.
LaTeX Font Info:    ... okay on input line 42.
LaTeX Font Info:    Try loading font information for OT1+ptm on input line 42.

(/usr/share/texlive/texmf-dist/tex/latex/psnfss/ot1ptm.fd
File: ot1ptm.fd 2001/06/04 font definitions for OT1/ptm.
)
\AtBeginShipoutBox=\box67
Package hyperref Info: Link coloring ON on input line 42.

(/usr/share/texlive/texmf-dist/tex/latex/hyperref/nameref.sty
Package: nameref 2016/05/21 v2.44 Cross-referencing by name of section

(/usr/share/texlive/texmf-dist/tex/generic/oberdiek/gettitlestring.sty
Package: gettitlestring 2016/05/16 v1.5 Cleanup title references (HO)
)
\c@section@level=\count332
)
LaTeX Info: Redefining \ref on input line 42.
LaTeX Info: Redefining \pageref on input line 42.
LaTeX Info: Redefining \nameref on input line 42.

(./r.out) (./r.out)
\@outlinefile=\write4
\openout4 = `r.out'.


(/usr/share/texlive/texmf-dist/tex/context/base/mkii/supp-pdf.mkii
[Loading MPS to PDF converter (version 2006.09.02).]
\scratchcounter=\count333
\scratchdimen=\dimen309
\scratchbox=\box68
\nofMPsegments=\count334
\nofMParguments=\count335
\everyMPshowfont=\toks48
\MPscratchCnt=\count336
\MPscratchDim=\dimen310
\MPnumerator=\count337
\makeMPintoPDFobject=\count338
\everyMPtoPDFconversion=\toks49
) (/usr/share/texlive/texmf-dist/tex/latex/oberdiek/epstopdf-base.sty
Package: epstopdf-base 2016/05/15 v2.6 Base part for package epstopdf

(/usr/share/texlive/texmf-dist/tex/latex/oberdiek/grfext.sty
Package: grfext 2016/05/16 v1.2 Manage graphics extensions (HO)
)
Package epstopdf-base Info: Redefining graphics rule for `.eps' on input line 4
38.
Package grfext Info: Graphics extension search list:
(grfext)             [.pdf,.png,.jpg,.mps,.jpeg,.jbig2,.jb2,.PDF,.PNG,.JPG,.JPE
G,.JBIG2,.JB2,.eps]
(grfext)             \AppendGraphicsExtensions on input line 456.

(/usr/share/texlive/texmf-dist/tex/latex/latexconfig/epstopdf-sys.cfg
File: epstopdf-sys.cfg 2010/07/13 v1.3 Configuration of (r)epstopdf for TeX Liv
e
))
ABD: EveryShipout initializing macros
Package caption Info: Begin \AtBeginDocument code.
Package caption Info: End \AtBeginDocument code.

Package pgfplots notification 'compat/show suggested version=true': document ha
s been generated with the most recent feature set (\pgfplotsset{compat=1.15}).

Now handling font encoding TS1 ...
... processing UTF-8 mapping file for font encoding TS1
(/usr/share/texlive/texmf-dist/tex/latex/base/ts1enc.dfu
File: ts1enc.dfu 2017/01/28 v1.1t UTF-8 support for inputenc
   defining Unicode char U+00A2 (decimal 162)
   defining Unicode char U+00A3 (decimal 163)
   defining Unicode char U+00A4 (decimal 164)
   defining Unicode char U+00A5 (decimal 165)
   defining Unicode char U+00A6 (decimal 166)
   defining Unicode char U+00A7 (decimal 167)
   defining Unicode char U+00A8 (decimal 168)
   defining Unicode char U+00A9 (decimal 169)
   defining Unicode char U+00AA (decimal 170)
   defining Unicode char U+00AC (decimal 172)
   defining Unicode char U+00AE (decimal 174)
   defining Unicode char U+00AF (decimal 175)
   defining Unicode char U+00B0 (decimal 176)
   defining Unicode char U+00B1 (decimal 177)
   defining Unicode char U+00B2 (decimal 178)
   defining Unicode char U+00B3 (decimal 179)
   defining Unicode char U+00B4 (decimal 180)
   defining Unicode char U+00B5 (decimal 181)
   defining Unicode char U+00B6 (decimal 182)
   defining Unicode char U+00B7 (decimal 183)
   defining Unicode char U+00B9 (decimal 185)
   defining Unicode char U+00BA (decimal 186)
   defining Unicode char U+00BC (decimal 188)
   defining Unicode char U+00BD (decimal 189)
   defining Unicode char U+00BE (decimal 190)
   defining Unicode char U+00D7 (decimal 215)
   defining Unicode char U+00F7 (decimal 247)
   defining Unicode char U+0192 (decimal 402)
   defining Unicode char U+02C7 (decimal 711)
   defining Unicode char U+02D8 (decimal 728)
   defining Unicode char U+02DD (decimal 733)
   defining Unicode char U+0E3F (decimal 3647)
   defining Unicode char U+2016 (decimal 8214)
   defining Unicode char U+2020 (decimal 8224)
   defining Unicode char U+2021 (decimal 8225)
   defining Unicode char U+2022 (decimal 8226)
   defining Unicode char U+2030 (decimal 8240)
   defining Unicode char U+2031 (decimal 8241)
   defining Unicode char U+203B (decimal 8251)
   defining Unicode char U+203D (decimal 8253)
   defining Unicode char U+2044 (decimal 8260)
   defining Unicode char U+204E (decimal 8270)
   defining Unicode char U+2052 (decimal 8274)
   defining Unicode char U+20A1 (decimal 8353)
   defining Unicode char U+20A4 (decimal 8356)
   defining Unicode char U+20A6 (decimal 8358)
   defining Unicode char U+20A9 (decimal 8361)
   defining Unicode char U+20AB (decimal 8363)
   defining Unicode char U+20AC (decimal 8364)
   defining Unicode char U+20B1 (decimal 8369)
   defining Unicode char U+2103 (decimal 8451)
   defining Unicode char U+2116 (decimal 8470)
   defining Unicode char U+2117 (decimal 8471)
   defining Unicode char U+211E (decimal 8478)
   defining Unicode char U+2120 (decimal 8480)
   defining Unicode char U+2122 (decimal 8482)
   defining Unicode char U+2126 (decimal 8486)
   defining Unicode char U+2127 (decimal 8487)
   defining Unicode char U+212E (decimal 8494)
   defining Unicode char U+2190 (decimal 8592)
   defining Unicode char U+2191 (decimal 8593)
   defining Unicode char U+2192 (decimal 8594)
   defining Unicode char U+2193 (decimal 8595)
   defining Unicode char U+2329 (decimal 9001)
   defining Unicode char U+232A (decimal 9002)
   defining Unicode char U+2422 (decimal 9250)
   defining Unicode char U+25E6 (decimal 9702)
   defining Unicode char U+25EF (decimal 9711)
   defining Unicode char U+266A (decimal 9834)
)
(/usr/share/texlive/texmf-dist/tex/latex/translator/translator-basic-dictionary
-English.dict
Dictionary: translator-basic-dictionary, Language: English 
)
(/usr/share/texlive/texmf-dist/tex/latex/siunitx/siunitx-abbreviations.cfg
File: siunitx-abbreviations.cfg 2017/11/26 v2.7k siunitx: Abbreviated units
)
\c__siunitx_mathsf_int=\count339
LaTeX Font Info:    Try loading font information for U+msa on input line 42.

(/usr/share/texlive/texmf-dist/tex/latex/amsfonts/umsa.fd
File: umsa.fd 2013/01/14 v3.01 AMS symbols A
)
LaTeX Font Info:    Try loading font information for U+msb on input line 42.

(/usr/share/texlive/texmf-dist/tex/latex/amsfonts/umsb.fd
File: umsb.fd 2013/01/14 v3.01 AMS symbols B
)
\c__siunitx_mathtt_int=\count340
 (./tex/title.tex
LaTeX Font Info:    Font shape `OT1/ptm/bx/n' in size <14.4> not available
(Font)              Font shape `OT1/ptm/b/n' tried instead on input line 10.

[1

{/var/lib/texmf/fonts/map/pdftex/updmap/pdftex.map}]) (./r.toc
LaTeX Font Info:    Font shape `OT1/ptm/bx/n' in size <10> not available
(Font)              Font shape `OT1/ptm/b/n' tried instead on input line 1.
)
\tf@toc=\write5
\openout5 = `r.toc'.

pdfTeX warning (ext4): destination with the same identifier (name{page.1}) has 
been already used, duplicate ignored
<to be read again> 
                   \relax 
l.47 \newpage
              [1] (./tex/research.tex
LaTeX Font Info:    Font shape `OT1/ptm/bx/n' in size <12> not available
(Font)              Font shape `OT1/ptm/b/n' tried instead on input line 7.
<./research/E_spikes_100ms_a2a_grid_visableMarkers.pdf, id=125, 462.52798pt x 3
46.89601pt>
File: ./research/E_spikes_100ms_a2a_grid_visableMarkers.pdf Graphic file (type 
pdf)
<use ./research/E_spikes_100ms_a2a_grid_visableMarkers.pdf>
Package pdftex.def Info: ./research/E_spikes_100ms_a2a_grid_visableMarkers.pdf 
 used on input line 67.
(pdftex.def)             Requested size: 155.24895pt x 116.43451pt.
LaTeX Font Info:    Font shape `OT1/ptm/bx/n' in size <9> not available
(Font)              Font shape `OT1/ptm/b/n' tried instead on input line 73.
<./research/../research/volumator.png, id=126, 1027.84pt x 542.025pt>
File: ./research/../research/volumator.png Graphic file (type png)
<use ./research/../research/volumator.png>
Package pdftex.def Info: ./research/../research/volumator.png  used on input li
ne 79.
(pdftex.def)             Requested size: 308.35437pt x 162.60875pt.
 [2 <./research/E_spikes_100ms_a2a_grid_visableMarkers.pdf>]
<./research/../research/sum_modes_RAmRU.png, id=230, 242.8272pt x 237.0456pt>
File: ./research/../research/sum_modes_RAmRU.png Graphic file (type png)
<use ./research/../research/sum_modes_RAmRU.png>
Package pdftex.def Info: ./research/../research/sum_modes_RAmRU.png  used on in
put line 84.
(pdftex.def)             Requested size: 121.4133pt x 118.52249pt.
<./research/../research/roc.png, id=231, 578.16pt x 433.62pt>
File: ./research/../research/roc.png Graphic file (type png)
<use ./research/../research/roc.png>
Package pdftex.def Info: ./research/../research/roc.png  used on input line 90.

(pdftex.def)             Requested size: 289.07928pt x 216.80946pt.
 [3 <./research/../research/volumator.png> <./research/../research/sum_modes_RA
mRU.png>]) [4 <./research/../research/roc.png>] (./tex/TA.tex
<./research/../TAing/sierpiskigasket.png, id=249, 272.01625pt x 235.88126pt>
File: ./research/../TAing/sierpiskigasket.png Graphic file (type png)
<use ./research/../TAing/sierpiskigasket.png>
Package pdftex.def Info: ./research/../TAing/sierpiskigasket.png  used on input
 line 9.
(pdftex.def)             Requested size: 187.6914pt x 162.75824pt.
<./research/../TAing/einstein.jpeg, id=250, 515.9275pt x 539.01375pt>
File: ./research/../TAing/einstein.jpeg Graphic file (type jpg)
<use ./research/../TAing/einstein.jpeg>
Package pdftex.def Info: ./research/../TAing/einstein.jpeg  used on input line 
10.
(pdftex.def)             Requested size: 154.77943pt x 161.70537pt.
) [5 <./research/../TAing/sierpiskigasket.png> <./research/../TAing/einstein.jp
eg>] (./tex/volunteering.tex
Overfull \hbox (6.78679pt too wide) in paragraph at lines 19--20
[]\OT1/ptm/m/n/10 Created these pages in a land-scap-ing fo-cused for-mat, con-
nect-ing them to wikipedia
 []

<./research/../fun/Michael_Clendenin_Miller564x633.jpg, id=260, 566.115pt x 635
.37375pt>
File: ./research/../fun/Michael_Clendenin_Miller564x633.jpg Graphic file (type 
jpg)
<use ./research/../fun/Michael_Clendenin_Miller564x633.jpg>
Package pdftex.def Info: ./research/../fun/Michael_Clendenin_Miller564x633.jpg 
 used on input line 26.
(pdftex.def)             Requested size: 169.8358pt x 190.61359pt.
) [6 <./research/../fun/Michael_Clendenin_Miller564x633.jpg>] (./tex/play.tex
<./research/../TAing/mandel/1.png, id=276, 529.98pt x 480.79625pt>
File: ./research/../TAing/mandel/1.png Graphic file (type png)
<use ./research/../TAing/mandel/1.png>
Package pdftex.def Info: ./research/../TAing/mandel/1.png  used on input line 1
0.
(pdftex.def)             Requested size: 79.49356pt x 72.11632pt.
<./research/../TAing/mandel/2.png, id=277, 529.98pt x 480.79625pt>
File: ./research/../TAing/mandel/2.png Graphic file (type png)
<use ./research/../TAing/mandel/2.png>
Package pdftex.def Info: ./research/../TAing/mandel/2.png  used on input line 1
1.
(pdftex.def)             Requested size: 79.49356pt x 72.11632pt.
<./research/../TAing/mandel/3.png, id=278, 529.98pt x 480.79625pt>
File: ./research/../TAing/mandel/3.png Graphic file (type png)
<use ./research/../TAing/mandel/3.png>
Package pdftex.def Info: ./research/../TAing/mandel/3.png  used on input line 1
2.
(pdftex.def)             Requested size: 79.49356pt x 72.11632pt.
<./research/../TAing/mandel/4.png, id=279, 529.98pt x 480.79625pt>
File: ./research/../TAing/mandel/4.png Graphic file (type png)
<use ./research/../TAing/mandel/4.png>
Package pdftex.def Info: ./research/../TAing/mandel/4.png  used on input line 1
3.
(pdftex.def)             Requested size: 79.49356pt x 72.11632pt.
<./research/../TAing/mandel/5.png, id=280, 529.98pt x 529.98pt>
File: ./research/../TAing/mandel/5.png Graphic file (type png)
<use ./research/../TAing/mandel/5.png>
Package pdftex.def Info: ./research/../TAing/mandel/5.png  used on input line 1
6.
(pdftex.def)             Requested size: 79.49356pt x 79.49356pt.
<./research/../TAing/mandel/6.png, id=281, 529.98pt x 529.98pt>
File: ./research/../TAing/mandel/6.png Graphic file (type png)
<use ./research/../TAing/mandel/6.png>
Package pdftex.def Info: ./research/../TAing/mandel/6.png  used on input line 1
7.
(pdftex.def)             Requested size: 79.49356pt x 79.49356pt.
<./research/../TAing/mandel/7.png, id=282, 529.98pt x 529.98pt>
File: ./research/../TAing/mandel/7.png Graphic file (type png)
<use ./research/../TAing/mandel/7.png>
Package pdftex.def Info: ./research/../TAing/mandel/7.png  used on input line 1
8.
(pdftex.def)             Requested size: 79.49356pt x 79.49356pt.
<./research/../TAing/mandel/8.png, id=283, 529.98pt x 529.98pt>
File: ./research/../TAing/mandel/8.png Graphic file (type png)
<use ./research/../TAing/mandel/8.png>
Package pdftex.def Info: ./research/../TAing/mandel/8.png  used on input line 1
9.
(pdftex.def)             Requested size: 79.49356pt x 79.49356pt.
<./research/../TAing/mandel/9.png, id=284, 529.98pt x 529.98pt>
File: ./research/../TAing/mandel/9.png Graphic file (type png)
<use ./research/../TAing/mandel/9.png>
Package pdftex.def Info: ./research/../TAing/mandel/9.png  used on input line 2
2.
(pdftex.def)             Requested size: 79.49356pt x 79.49356pt.
<./research/../TAing/mandel/10.png, id=285, 529.98pt x 529.98pt>
File: ./research/../TAing/mandel/10.png Graphic file (type png)
<use ./research/../TAing/mandel/10.png>
Package pdftex.def Info: ./research/../TAing/mandel/10.png  used on input line 
23.
(pdftex.def)             Requested size: 79.49356pt x 79.49356pt.
<./research/../TAing/mandel/11.png, id=286, 529.98pt x 529.98pt>
File: ./research/../TAing/mandel/11.png Graphic file (type png)
<use ./research/../TAing/mandel/11.png>
Package pdftex.def Info: ./research/../TAing/mandel/11.png  used on input line 
24.
(pdftex.def)             Requested size: 79.49356pt x 79.49356pt.
<./research/../TAing/mandel/brot.png, id=287, 529.98pt x 529.98pt>
File: ./research/../TAing/mandel/brot.png Graphic file (type png)
<use ./research/../TAing/mandel/brot.png>
Package pdftex.def Info: ./research/../TAing/mandel/brot.png  used on input lin
e 25.
(pdftex.def)             Requested size: 79.49356pt x 79.49356pt.
<./research/../TAing/mandel/dark.png, id=288, 529.98pt x 480.79625pt>
File: ./research/../TAing/mandel/dark.png Graphic file (type png)
<use ./research/../TAing/mandel/dark.png>
Package pdftex.def Info: ./research/../TAing/mandel/dark.png  used on input lin
e 28.
(pdftex.def)             Requested size: 79.49356pt x 72.11632pt.
<./research/../TAing/mandel/green.png, id=289, 529.98pt x 529.98pt>
File: ./research/../TAing/mandel/green.png Graphic file (type png)
<use ./research/../TAing/mandel/green.png>
Package pdftex.def Info: ./research/../TAing/mandel/green.png  used on input li
ne 29.
(pdftex.def)             Requested size: 79.49356pt x 79.49356pt.
<./research/../TAing/mandel/green_sqrt.png, id=290, 529.98pt x 529.98pt>
File: ./research/../TAing/mandel/green_sqrt.png Graphic file (type png)
<use ./research/../TAing/mandel/green_sqrt.png>
Package pdftex.def Info: ./research/../TAing/mandel/green_sqrt.png  used on inp
ut line 30.
(pdftex.def)             Requested size: 79.49356pt x 79.49356pt.
<./research/../TAing/mandel/green_y.png, id=291, 529.98pt x 529.98pt>
File: ./research/../TAing/mandel/green_y.png Graphic file (type png)
<use ./research/../TAing/mandel/green_y.png>
Package pdftex.def Info: ./research/../TAing/mandel/green_y.png  used on input 
line 31.
(pdftex.def)             Requested size: 79.49356pt x 79.49356pt.
<./research/../TAing/mandel/rainbow.png, id=292, 529.98pt x 529.98pt>
File: ./research/../TAing/mandel/rainbow.png Graphic file (type png)
<use ./research/../TAing/mandel/rainbow.png>
Package pdftex.def Info: ./research/../TAing/mandel/rainbow.png  used on input 
line 34.
(pdftex.def)             Requested size: 79.49356pt x 79.49356pt.
<./research/../TAing/mandel/light.png, id=293, 529.98pt x 480.79625pt>
File: ./research/../TAing/mandel/light.png Graphic file (type png)
<use ./research/../TAing/mandel/light.png>
Package pdftex.def Info: ./research/../TAing/mandel/light.png  used on input li
ne 35.
(pdftex.def)             Requested size: 79.49356pt x 72.11632pt.
<./research/../TAing/mandel/ummmm.png, id=294, 529.98pt x 480.79625pt>
File: ./research/../TAing/mandel/ummmm.png Graphic file (type png)
<use ./research/../TAing/mandel/ummmm.png>
Package pdftex.def Info: ./research/../TAing/mandel/ummmm.png  used on input li
ne 37.
(pdftex.def)             Requested size: 79.49356pt x 72.11632pt.
<./research/../TAing/mandel/What.png, id=295, 529.98pt x 529.98pt>
File: ./research/../TAing/mandel/What.png Graphic file (type png)
<use ./research/../TAing/mandel/What.png>
Package pdftex.def Info: ./research/../TAing/mandel/What.png  used on input lin
e 38.
(pdftex.def)             Requested size: 79.49356pt x 79.49356pt.

[7 <./research/../TAing/mandel/1.png> <./research/../TAing/mandel/2.png> <./res
earch/../TAing/mandel/3.png> <./research/../TAing/mandel/4.png> <./research/../
TAing/mandel/5.png> <./research/../TAing/mandel/6.png> <./research/../TAing/man
del/7.png> <./research/../TAing/mandel/8.png> <./research/../TAing/mandel/9.png
> <./research/../TAing/mandel/10.png> <./research/../TAing/mandel/11.png> <./re
search/../TAing/mandel/brot.png> <./research/../TAing/mandel/dark.png> <./resea
rch/../TAing/mandel/green.png> <./research/../TAing/mandel/green_sqrt.png> <./r
esearch/../TAing/mandel/green_y.png> <./research/../TAing/mandel/rainbow.png> <
./research/../TAing/mandel/light.png> <./research/../TAing/mandel/ummmm.png> <.
/research/../TAing/mandel/What.png>]
<./research/../fun/cars.jpeg, id=321, 620.3175pt x 374.39874pt>
File: ./research/../fun/cars.jpeg Graphic file (type jpg)
<use ./research/../fun/cars.jpeg>
Package pdftex.def Info: ./research/../fun/cars.jpeg  used on input line 44.
(pdftex.def)             Requested size: 310.15799pt x 187.19891pt.
<./research/../fun/bspline.png, id=323, 416.55624pt x 418.56375pt>
File: ./research/../fun/bspline.png Graphic file (type png)
<use ./research/../fun/bspline.png>
Package pdftex.def Info: ./research/../fun/bspline.png  used on input line 50.
(pdftex.def)             Requested size: 208.2776pt x 209.28136pt.
<./research/../fun/orbit_hopper.png, id=325, 645.41125pt x 536.0025pt>
File: ./research/../fun/orbit_hopper.png Graphic file (type png)
<use ./research/../fun/orbit_hopper.png>
Package pdftex.def Info: ./research/../fun/orbit_hopper.png  used on input line
 53.
(pdftex.def)             Requested size: 187.16447pt x 155.43674pt.
<./research/../fun/liftoff.png, id=327, 1003.75pt x 777.90625pt>
File: ./research/../fun/liftoff.png Graphic file (type png)
<use ./research/../fun/liftoff.png>
Package pdftex.def Info: ./research/../fun/liftoff.png  used on input line 54.
(pdftex.def)             Requested size: 200.74644pt x 155.57849pt.

Overfull \hbox (44.81094pt too wide) in paragraph at lines 53--55
[][][][][] [][][][][] 
 []

[8 <./research/../fun/cars.jpeg> <./research/../fun/bspline.png>]
<./research/../fun/startupweekend.png, id=332, 1367.1075pt x 564.1075pt>
File: ./research/../fun/startupweekend.png Graphic file (type png)
<use ./research/../fun/startupweekend.png>
Package pdftex.def Info: ./research/../fun/startupweekend.png  used on input li
ne 57.
(pdftex.def)             Requested size: 389.62968pt x 160.7723pt.

Overfull \hbox (44.62968pt too wide) in paragraph at lines 56--58
[] 
 []

<./research/../fun/vitamangame.png, id=334, 490.83376pt x 309.155pt>
File: ./research/../fun/vitamangame.png Graphic file (type png)
<use ./research/../fun/vitamangame.png>
Package pdftex.def Info: ./research/../fun/vitamangame.png  used on input line 
60.
(pdftex.def)             Requested size: 181.60564pt x 114.38554pt.
<./research/../fun/devcats.png, id=336, 481.8pt x 269.005pt>
File: ./research/../fun/devcats.png Graphic file (type png)
<use ./research/../fun/devcats.png>
Package pdftex.def Info: ./research/../fun/devcats.png  used on input line 61.
(pdftex.def)             Requested size: 204.76596pt x 114.32765pt.

Overfull \hbox (43.27162pt too wide) in paragraph at lines 59--62
[][][][][] [][][][][] 
 []

<./research/../fun/gator_vr.jpg, id=337, 1284.8pt x 963.6pt>
File: ./research/../fun/gator_vr.jpg Graphic file (type jpg)
<use ./research/../fun/gator_vr.jpg>
Package pdftex.def Info: ./research/../fun/gator_vr.jpg  used on input line 64.

(pdftex.def)             Requested size: 154.16934pt x 115.627pt.
<./research/../fun/gatorvr_tinyplanet.png, id=339, 452.69125pt x 232.87pt>
File: ./research/../fun/gatorvr_tinyplanet.png Graphic file (type png)
<use ./research/../fun/gatorvr_tinyplanet.png>
Package pdftex.def Info: ./research/../fun/gatorvr_tinyplanet.png  used on inpu
t line 65.
(pdftex.def)             Requested size: 226.34506pt x 116.43471pt.

Overfull \hbox (37.41443pt too wide) in paragraph at lines 63--66
[] [][][][][] 
 []

[9 <./research/../fun/orbit_hopper.png (PNG copy)> <./research/../fun/liftoff.p
ng> <./research/../fun/startupweekend.png (PNG copy)> <./research/../fun/vitama
ngame.png> <./research/../fun/devcats.png>]
<./research/../fun/winterjam.png, id=345, 584.1825pt x 479.54156pt>
File: ./research/../fun/winterjam.png Graphic file (type png)
<use ./research/../fun/winterjam.png>
Package pdftex.def Info: ./research/../fun/winterjam.png  used on input line 68
.
(pdftex.def)             Requested size: 186.94221pt x 153.45644pt.
<./research/../fun/winter_jam.png, id=347, 677.53125pt x 540.0175pt>
File: ./research/../fun/winter_jam.png Graphic file (type png)
<use ./research/../fun/winter_jam.png>
Package pdftex.def Info: ./research/../fun/winter_jam.png  used on input line 6
9.
(pdftex.def)             Requested size: 193.0984pt x 153.90659pt.

Overfull \hbox (36.94064pt too wide) in paragraph at lines 67--70
[][][][][] [][][][][] 
 []

<./research/../fun/ld40_3hr.png, id=349, 509.905pt x 263.98625pt>
File: ./research/../fun/ld40_3hr.png Graphic file (type png)
<use ./research/../fun/ld40_3hr.png>
Package pdftex.def Info: ./research/../fun/ld40_3hr.png  used on input line 74.

(pdftex.def)             Requested size: 226.91089pt x 117.47551pt.
<./research/../fun/all.png, id=351, 358.33875pt x 276.03125pt>
File: ./research/../fun/all.png Graphic file (type png)
<use ./research/../fun/all.png>
Package pdftex.def Info: ./research/../fun/all.png  used on input line 75.
(pdftex.def)             Requested size: 152.29468pt x 117.31383pt.

Overfull \hbox (36.10559pt too wide) in paragraph at lines 73--76
[][][][][] [][][][][] 
 []

<./research/../fun/indie_galactic_2.jpg, id=353, 963.6pt x 959.585pt>
File: ./research/../fun/indie_galactic_2.jpg Graphic file (type jpg)
<use ./research/../fun/indie_galactic_2.jpg>
Package pdftex.def Info: ./research/../fun/indie_galactic_2.jpg  used on input 
line 78.
(pdftex.def)             Requested size: 144.53375pt x 143.93153pt.
<./research/../scientific/WL_sea_level.jpeg, id=355, 820.06375pt x 485.815pt>
File: ./research/../scientific/WL_sea_level.jpeg Graphic file (type jpg)
<use ./research/../scientific/WL_sea_level.jpeg>
Package pdftex.def Info: ./research/../scientific/WL_sea_level.jpeg  used on in
put line 79.
(pdftex.def)             Requested size: 229.61629pt x 136.02727pt.

Overfull \hbox (31.05006pt too wide) in paragraph at lines 77--80
[][][][][] [][][][][] 
 []

[10 <./research/../fun/gator_vr.jpg> <./research/../fun/gatorvr_tinyplanet.png>
 <./research/../fun/winterjam.png> <./research/../fun/winter_jam.png> <./resear
ch/../fun/ld40_3hr.png> <./research/../fun/all.png> <./research/../fun/indie_ga
lactic_2.jpg> <./research/../scientific/WL_sea_level.jpeg>]
<./research/../scientific/bundt.png, id=360, 623.32875pt x 348.30125pt>
File: ./research/../scientific/bundt.png Graphic file (type png)
<use ./research/../scientific/bundt.png>
Package pdftex.def Info: ./research/../scientific/bundt.png  used on input line
 85.
(pdftex.def)             Requested size: 187.00006pt x 104.49118pt.
<./research/../scientific/chaotic_orbits.png, id=361, 642.4pt x 426.59375pt>
File: ./research/../scientific/chaotic_orbits.png Graphic file (type png)
<use ./research/../scientific/chaotic_orbits.png>
Package pdftex.def Info: ./research/../scientific/chaotic_orbits.png  used on i
nput line 86.
(pdftex.def)             Requested size: 160.59961pt x 106.64816pt.

Overfull \hbox (4.4997pt too wide) in paragraph at lines 84--87
[] [] 
 []

<./research/../scientific/magnetic_field.png, id=362, 511.9125pt x 428.60126pt>

File: ./research/../scientific/magnetic_field.png Graphic file (type png)
<use ./research/../scientific/magnetic_field.png>
Package pdftex.def Info: ./research/../scientific/magnetic_field.png  used on i
nput line 89.
(pdftex.def)             Requested size: 153.57494pt x 128.58136pt.
<./research/../scientific/poisson2.png, id=363, 931.48pt x 674.52pt>
File: ./research/../scientific/poisson2.png Graphic file (type png)
<use ./research/../scientific/poisson2.png>
Package pdftex.def Info: ./research/../scientific/poisson2.png  used on input l
ine 90.
(pdftex.def)             Requested size: 186.2927pt x 134.90161pt.
<./research/../scientific/brachistochrone.png, id=365, 341.275pt x 189.70876pt>

File: ./research/../scientific/brachistochrone.png Graphic file (type png)
<use ./research/../scientific/brachistochrone.png>
Package pdftex.def Info: ./research/../scientific/brachistochrone.png  used on 
input line 93.
(pdftex.def)             Requested size: 204.76657pt x 113.82613pt.
<./research/../scientific/logistic.png, id=367, 402.50375pt x 311.1625pt>
File: ./research/../scientific/logistic.png Graphic file (type png)
<use ./research/../scientific/logistic.png>
Package pdftex.def Info: ./research/../scientific/logistic.png  used on input l
ine 94.
(pdftex.def)             Requested size: 140.87842pt x 108.90851pt.

Overfull \hbox (2.54501pt too wide) in paragraph at lines 92--95
[][][][][] [][][][][] 
 []

<./research/../scientific/mdpos.png, id=368, 530.98375pt x 430.60875pt>
File: ./research/../scientific/mdpos.png Graphic file (type png)
<use ./research/../scientific/mdpos.png>
Package pdftex.def Info: ./research/../scientific/mdpos.png  used on input line
 97.
(pdftex.def)             Requested size: 159.29634pt x 129.18361pt.
<./research/../scientific/quantumHO.png, id=369, 1208.515pt x 724.7075pt>
File: ./research/../scientific/quantumHO.png Graphic file (type png)
<use ./research/../scientific/quantumHO.png>
Package pdftex.def Info: ./research/../scientific/quantumHO.png  used on input 
line 98.
(pdftex.def)             Requested size: 181.26942pt x 108.70143pt.
[11 <./research/../scientific/bundt.png> <./research/../scientific/chaotic_orbi
ts.png> <./research/../scientific/magnetic_field.png> <./research/../scientific
/poisson2.png> <./research/../scientific/brachistochrone.png> <./research/../sc
ientific/logistic.png> <./research/../scientific/mdpos.png> <./research/../scie
ntific/quantumHO.png>]
<./research/../scientific/potential.png, id=376, 688.5725pt x 126.4725pt>
File: ./research/../scientific/potential.png Graphic file (type png)
<use ./research/../scientific/potential.png>
Package pdftex.def Info: ./research/../scientific/potential.png  used on input 
line 103.
(pdftex.def)             Requested size: 344.2854pt x 63.23608pt.
<./research/../scientific/mcm.png, id=378, 539.01375pt x 313.17pt>
File: ./research/../scientific/mcm.png Graphic file (type png)
<use ./research/../scientific/mcm.png>
Package pdftex.def Info: ./research/../scientific/mcm.png  used on input line 1
05.
(pdftex.def)             Requested size: 215.60167pt x 125.26576pt.
<./research/../scientific/initial.png, id=379, 465.74pt x 644.4075pt>
File: ./research/../scientific/initial.png Graphic file (type png)
<use ./research/../scientific/initial.png>
Package pdftex.def Info: ./research/../scientific/initial.png  used on input li
ne 106.
(pdftex.def)             Requested size: 93.14635pt x 128.87921pt.
<./research/../scientific/neuron_bot.png, id=381, 307.1475pt x 313.17pt>
File: ./research/../scientific/neuron_bot.png Graphic file (type png)
<use ./research/../scientific/neuron_bot.png>
Package pdftex.def Info: ./research/../scientific/neuron_bot.png  used on input
 line 108.
(pdftex.def)             Requested size: 61.4284pt x 62.63287pt.
<./research/../scientific/nmh_inf_tau.png, id=382, 477.785pt x 371.3875pt>
File: ./research/../scientific/nmh_inf_tau.png Graphic file (type png)
<use ./research/../scientific/nmh_inf_tau.png>
Package pdftex.def Info: ./research/../scientific/nmh_inf_tau.png  used on inpu
t line 109.
(pdftex.def)             Requested size: 71.66466pt x 55.70572pt.
<./research/../scientific/2dconv.png, id=383, 578.16pt x 433.62pt>
File: ./research/../scientific/2dconv.png Graphic file (type png)
<use ./research/../scientific/2dconv.png>
Package pdftex.def Info: ./research/../scientific/2dconv.png  used on input lin
e 110.
(pdftex.def)             Requested size: 86.72025pt x 65.04019pt.
<./research/../scientific/mlp.png, id=385, 511.9125pt x 487.8225pt>
File: ./research/../scientific/mlp.png Graphic file (type png)
<use ./research/../scientific/mlp.png>
Package pdftex.def Info: ./research/../scientific/mlp.png  used on input line 1
11.
(pdftex.def)             Requested size: 76.78355pt x 73.17021pt.
<./research/../scientific/preview_7-22-17.jpg, id=386, 694.595pt x 453.695pt>
File: ./research/../scientific/preview_7-22-17.jpg Graphic file (type jpg)
<use ./research/../scientific/preview_7-22-17.jpg>
Package pdftex.def Info: ./research/../scientific/preview_7-22-17.jpg  used on 
input line 113.
(pdftex.def)             Requested size: 312.56487pt x 204.16086pt.
 [12 <./research/../scientific/potential.png> <./research/../scientific/mcm.png
> <./research/../scientific/initial.png> <./research/../scientific/neuron_bot.p
ng> <./research/../scientific/nmh_inf_tau.png> <./research/../scientific/2dconv
.png> <./research/../scientific/mlp.png> <./research/../scientific/preview_7-22
-17.jpg>]
<./research/../TAing/metaballs.png, id=394, 461.725pt x 306.14375pt>
File: ./research/../TAing/metaballs.png Graphic file (type png)
<use ./research/../TAing/metaballs.png>
Package pdftex.def Info: ./research/../TAing/metaballs.png  used on input line 
117.
(pdftex.def)             Requested size: 184.68672pt x 122.45532pt.
<./research/../scientific/50Topics_first3.png, id=395, 568.1225pt x 461.725pt>
File: ./research/../scientific/50Topics_first3.png Graphic file (type png)
<use ./research/../scientific/50Topics_first3.png>
Package pdftex.def Info: ./research/../scientific/50Topics_first3.png  used on 
input line 118.
(pdftex.def)             Requested size: 153.39511pt x 124.66742pt.
<./research/../fun/iconz.png, id=397, 503.8825pt x 246.9225pt>
File: ./research/../fun/iconz.png Graphic file (type png)
<use ./research/../fun/iconz.png>
Package pdftex.def Info: ./research/../fun/iconz.png  used on input line 121.
(pdftex.def)             Requested size: 201.54942pt x 98.76724pt.
<./research/../fun/c64.jpeg, id=399, 682.55pt x 511.9125pt>
File: ./research/../fun/c64.jpeg Graphic file (type jpg)
<use ./research/../fun/c64.jpeg>
Package pdftex.def Info: ./research/../fun/c64.jpeg  used on input line 122.
(pdftex.def)             Requested size: 136.50758pt x 102.38068pt.
<./research/../systems/PLP.png, id=401, 326.21875pt x 201.75375pt>
File: ./research/../systems/PLP.png Graphic file (type png)
<use ./research/../systems/PLP.png>
Package pdftex.def Info: ./research/../systems/PLP.png  used on input line 125.

(pdftex.def)             Requested size: 179.42085pt x 110.96489pt.
<./research/../systems/pushsum.png, id=402, 521.95pt x 399.4925pt>
File: ./research/../systems/pushsum.png Graphic file (type png)
<use ./research/../systems/pushsum.png>
Package pdftex.def Info: ./research/../systems/pushsum.png  used on input line 
126.
(pdftex.def)             Requested size: 156.5862pt x 119.84866pt.
<./research/../fun/house.jpeg, id=404, 552.0625pt x 552.0625pt>
File: ./research/../fun/house.jpeg Graphic file (type jpg)
<use ./research/../fun/house.jpeg>
Package pdftex.def Info: ./research/../fun/house.jpeg  used on input line 129.
(pdftex.def)             Requested size: 96.61238pt x 96.61238pt.
<./research/../fun/drawing.jpeg, id=405, 682.55pt x 482.80376pt>
File: ./research/../fun/drawing.jpeg Graphic file (type jpg)
<use ./research/../fun/drawing.jpeg>
Package pdftex.def Info: ./research/../fun/drawing.jpeg  used on input line 130
.
(pdftex.def)             Requested size: 136.50758pt x 96.55904pt.
<./research/../fun/cube.jpeg, id=407, 1405.25pt x 1053.9375pt>
File: ./research/../fun/cube.jpeg Graphic file (type jpg)
<use ./research/../fun/cube.jpeg>
Package pdftex.def Info: ./research/../fun/cube.jpeg  used on input line 131.
(pdftex.def)             Requested size: 126.46704pt x 94.85028pt.

Overfull \hbox (18.38705pt too wide) in paragraph at lines 128--132
[][][][][] [] [][][][][] 
 []

)

Package movie15 Warning: @@@@@@@@@@@@@@@@@@@@@@@@@@@@@@@@@@@@@@@
(movie15)                @@ Package `movie15' is obsolete and @@
(movie15)                @@ superseded by `media9'.           @@
(movie15)                @@@@@@@@@@@@@@@@@@@@@@@@@@@@@@@@@@@@@@@.

[13 <./research/../TAing/metaballs.png> <./research/../scientific/50Topics_firs
t3.png> <./research/../fun/iconz.png> <./research/../fun/c64.jpeg> <./research/
../systems/PLP.png> <./research/../systems/pushsum.png> <./research/../fun/hous
e.jpeg> <./research/../fun/drawing.jpeg> <./research/../fun/cube.jpeg>]
Package atveryend Info: Empty hook `BeforeClearDocument' on input line 63.
Package atveryend Info: Empty hook `AfterLastShipout' on input line 63.

(./r.aux)
Package atveryend Info: Executing hook `AtVeryEndDocument' on input line 63.
Package atveryend Info: Executing hook `AtEndAfterFileList' on input line 63.
Package rerunfilecheck Info: File `r.out' has not changed.
(rerunfilecheck)             Checksum: C3F4ABC65C6760A199E07452A1C99A15;1338.
Package atveryend Info: Empty hook `AtVeryVeryEnd' on input line 63.
 ) 
Here is how much of TeX's memory you used:
 39588 strings out of 492982
 925382 string characters out of 6134897
 1069668 words of memory out of 5000000
 42482 multiletter control sequences out of 15000+600000
 550506 words of font info for 64 fonts, out of 8000000 for 9000
 1141 hyphenation exceptions out of 8191
 69i,10n,119p,10386b,1518s stack positions out of 5000i,500n,10000p,200000b,80000s
{/usr/share/texlive/texmf-dist/fonts/enc/dvips/base/8r.enc}</usr/share/texliv
e/texmf-dist/fonts/type1/public/amsfonts/cm/cmex10.pfb></usr/share/texlive/texm
f-dist/fonts/type1/public/amsfonts/cmextra/cmex7.pfb></usr/share/texlive/texmf-
dist/fonts/type1/public/amsfonts/cm/cmmi10.pfb></usr/share/texlive/texmf-dist/f
onts/type1/public/amsfonts/cm/cmmi5.pfb></usr/share/texlive/texmf-dist/fonts/ty
pe1/public/amsfonts/cm/cmmi7.pfb></usr/share/texlive/texmf-dist/fonts/type1/pub
lic/amsfonts/cm/cmr10.pfb></usr/share/texlive/texmf-dist/fonts/type1/public/ams
fonts/cm/cmr5.pfb></usr/share/texlive/texmf-dist/fonts/type1/public/amsfonts/cm
/cmr7.pfb></usr/share/texlive/texmf-dist/fonts/type1/public/amsfonts/cm/cmsy10.
pfb></usr/share/texlive/texmf-dist/fonts/type1/public/amsfonts/cm/cmsy5.pfb></u
sr/share/texlive/texmf-dist/fonts/type1/public/amsfonts/cm/cmsy7.pfb></usr/shar
e/texlive/texmf-dist/fonts/type1/urw/times/utmb8a.pfb></usr/share/texlive/texmf
-dist/fonts/type1/urw/times/utmr8a.pfb></usr/share/texlive/texmf-dist/fonts/typ
e1/urw/times/utmri8a.pfb>
Output written on r.pdf (14 pages, 7322699 bytes).
PDF statistics:
 472 PDF objects out of 1000 (max. 8388607)
 266 compressed objects within 3 object streams
 48 named destinations out of 1000 (max. 500000)
 516 words of extra memory for PDF output out of 10000 (max. 10000000)

