\BOOKMARK [1][-]{section.1}{Graduate Research}{}% 1
\BOOKMARK [2][-]{subsection.1.1}{Neuron Theory and Simulations}{section.1}% 2
\BOOKMARK [3][-]{subsubsection.1.1.1}{Spike-Triggered Descent}{subsection.1.1}% 3
\BOOKMARK [2][-]{subsection.1.2}{Medical Imaging}{section.1}% 4
\BOOKMARK [2][-]{subsection.1.3}{Computational Genetics}{section.1}% 5
\BOOKMARK [2][-]{subsection.1.4}{Landmine Detection}{section.1}% 6
\BOOKMARK [1][-]{section.2}{Undergraduate Research}{}% 7
\BOOKMARK [2][-]{subsection.2.1}{Optics Lab}{section.2}% 8
\BOOKMARK [2][-]{subsection.2.2}{Nanotech Lab}{section.2}% 9
\BOOKMARK [2][-]{subsection.2.3}{Computational Biophysics Lab}{section.2}% 10
\BOOKMARK [1][-]{section.3}{Teaching Assistant Experience}{}% 11
\BOOKMARK [1][-]{section.4}{Volunteering Experience}{}% 12
\BOOKMARK [2][-]{subsection.4.1}{Perfect Environs}{section.4}% 13
\BOOKMARK [1][-]{section.5}{Projects}{}% 14
\BOOKMARK [2][-]{subsection.5.1}{Mandelbrot}{section.5}% 15
\BOOKMARK [2][-]{subsection.5.2}{Car Shopping}{section.5}% 16
\BOOKMARK [2][-]{subsection.5.3}{B-Splines}{section.5}% 17
\BOOKMARK [2][-]{subsection.5.4}{Game Jams}{section.5}% 18
\BOOKMARK [2][-]{subsection.5.5}{Computational Physics}{section.5}% 19
\BOOKMARK [2][-]{subsection.5.6}{Neuron Simulations}{section.5}% 20
\BOOKMARK [2][-]{subsection.5.7}{Random}{section.5}% 21
